Adding job tentatively -- it will be properly scheduled when the scheduler starts
Adding job tentatively -- it will be properly scheduled when the scheduler starts
Adding job tentatively -- it will be properly scheduled when the scheduler starts
Adding job tentatively -- it will be properly scheduled when the scheduler starts
Watching for file changes with StatReloader
Waiting for apps ready_event.
Main Django thread has terminated before apps are ready.
Apps ready_event triggered. Sending autoreload_started signal.
Watching dir C:\Users\abby\Desktop\~獰\washing_scheduler\locale with glob **/*.mo.
File C:\Users\abby\anaconda3\envs\washing\Lib\site-packages\django\db\backends\dummy\base.py first seen with mtime 1750913934.8873026
File C:\Users\abby\anaconda3\envs\washing\Lib\http\__init__.py first seen with mtime 1749656217.0
File C:\Users\abby\anaconda3\envs\washing\Lib\site-packages\django\db\migrations\operations\special.py first seen with mtime 1750913934.9361765
File C:\Users\abby\anaconda3\envs\washing\Lib\site-packages\selenium\webdriver\remote\remote_connection.py first seen with mtime 1750914181.5651546
File C:\Users\abby\anaconda3\envs\washing\Lib\email\mime\__init__.py first seen with mtime 1749656217.0
File C:\Users\abby\anaconda3\envs\washing\Lib\site-packages\django\core\files\utils.py first seen with mtime 1750913934.8195193
File C:\Users\abby\anaconda3\envs\washing\Lib\site-packages\urllib3\fields.py first seen with mtime 1750914179.3472247
File C:\Users\abby\anaconda3\envs\washing\Lib\site-packages\django\db\models\fields\json.py first seen with mtime 1750913934.9562943
File C:\Users\abby\anaconda3\envs\washing\Lib\site-packages\django\views\generic\__init__.py first seen with mtime 1750913935.1680174
File C:\Users\abby\anaconda3\envs\washing\Lib\asyncio\base_tasks.py first seen with mtime 1749656217.0
File C:\Users\abby\anaconda3\envs\washing\Lib\site-packages\django\contrib\contenttypes\apps.py first seen with mtime 1750913932.7494073
File C:\Users\abby\Desktop\~獰\washing_scheduler\booking\apps.py first seen with mtime 1751434233.8095758
File C:\Users\abby\anaconda3\envs\washing\Lib\importlib\metadata\_itertools.py first seen with mtime 1749656217.0
File C:\Users\abby\anaconda3\envs\washing\Lib\_compat_pickle.py first seen with mtime 1749656217.0
File C:\Users\abby\anaconda3\envs\washing\Lib\site-packages\selenium\types.py first seen with mtime 1750914181.2046
File C:\Users\abby\anaconda3\envs\washing\Lib\site-packages\websocket\_core.py first seen with mtime 1750914179.1703198
File C:\Users\abby\anaconda3\envs\washing\Lib\site-packages\selenium\webdriver\firefox\options.py first seen with mtime 1750914181.532871
File C:\Users\abby\anaconda3\envs\washing\Lib\http\client.py first seen with mtime 1749656217.0
File C:\Users\abby\anaconda3\envs\washing\Lib\site-packages\django\core\checks\compatibility\django_4_0.py first seen with mtime 1750913934.810065
File C:\Users\abby\anaconda3\envs\washing\Lib\asyncio\selector_events.py first seen with mtime 1749656217.0
File C:\Users\abby\anaconda3\envs\washing\Lib\site-packages\django\contrib\admin\templatetags\__init__.py first seen with mtime 1750913932.2525382
File C:\Users\abby\anaconda3\envs\washing\Lib\site-packages\django\contrib\messages\constants.py first seen with mtime 1750913933.8426156
File C:\Users\abby\anaconda3\envs\washing\Lib\site-packages\django\utils\__init__.py first seen with mtime 1750913935.1138415
File C:\Users\abby\anaconda3\envs\washing\Lib\pathlib\_abc.py first seen with mtime 1749656217.0
File C:\Users\abby\anaconda3\envs\washing\Lib\site-packages\django\core\cache\backends\base.py first seen with mtime 1750913934.7939246
File C:\Users\abby\anaconda3\envs\washing\DLLs\_uuid.pyd first seen with mtime 1749747256.8607829
File C:\Users\abby\anaconda3\envs\washing\Lib\site-packages\django\core\paginator.py first seen with mtime 1750913934.78396
File C:\Users\abby\anaconda3\envs\washing\Lib\re\_parser.py first seen with mtime 1749656217.0
File C:\Users\abby\anaconda3\envs\washing\Lib\site-packages\selenium\webdriver\common\alert.py first seen with mtime 1750914181.2311144
File C:\Users\abby\anaconda3\envs\washing\Lib\site-packages\selenium\webdriver\common\bidi\network.py first seen with mtime 1750914181.2372124
File C:\Users\abby\anaconda3\envs\washing\Lib\site-packages\urllib3\exceptions.py first seen with mtime 1750914179.3472247
File C:\Users\abby\anaconda3\envs\washing\Lib\site-packages\websocket\_utils.py first seen with mtime 1750914179.1767044
File C:\Users\abby\anaconda3\envs\washing\Lib\asyncio\taskgroups.py first seen with mtime 1749656217.0
File C:\Users\abby\anaconda3\envs\washing\Lib\site-packages\django\contrib\auth\checks.py first seen with mtime 1750913932.4889507
File C:\Users\abby\anaconda3\envs\washing\Lib\site-packages\django\contrib\auth\admin.py first seen with mtime 1750913932.4850922
File C:\Users\abby\anaconda3\envs\washing\Lib\email\mime\message.py first seen with mtime 1749656217.0
File C:\Users\abby\anaconda3\envs\washing\Lib\site-packages\django\core\checks\security\__init__.py first seen with mtime 1750913934.810065
File C:\Users\abby\anaconda3\envs\washing\Lib\site-packages\django\template\defaulttags.py first seen with mtime 1750913935.077534
File C:\Users\abby\anaconda3\envs\washing\Lib\tokenize.py first seen with mtime 1749656217.0
File C:\Users\abby\anaconda3\envs\washing\Lib\site-packages\django\forms\renderers.py first seen with mtime 1750913934.9904294
File C:\Users\abby\anaconda3\envs\washing\Lib\site-packages\django\core\__init__.py first seen with mtime 1750913934.7824383
File C:\Users\abby\anaconda3\envs\washing\Lib\asyncio\base_subprocess.py first seen with mtime 1749656217.0
File C:\Users\abby\anaconda3\envs\washing\Lib\site-packages\django\core\cache\backends\__init__.py first seen with mtime 1750913934.7926574
File C:\Users\abby\anaconda3\envs\washing\Lib\site-packages\django\core\management\color.py first seen with mtime 1750913934.841055
File C:\Users\abby\anaconda3\envs\washing\Lib\site-packages\django\core\signing.py first seen with mtime 1750913934.7859719
File C:\Users\abby\anaconda3\envs\washing\Lib\importlib\metadata\_meta.py first seen with mtime 1749656217.0
File C:\Users\abby\anaconda3\envs\washing\Lib\site-packages\django\core\files\storage\handler.py first seen with mtime 1750913934.8252256
File C:\Users\abby\anaconda3\envs\washing\Lib\site-packages\apscheduler\schedulers\__init__.py first seen with mtime 1750913955.024585
File C:\Users\abby\anaconda3\envs\washing\Lib\site-packages\django\template\loaders\app_directories.py first seen with mtime 1750913935.0902905
File C:\Users\abby\anaconda3\envs\washing\Lib\importlib\resources\_itertools.py first seen with mtime 1749656217.0
File C:\Users\abby\anaconda3\envs\washing\Lib\site-packages\sqlparse\filters\aligned_indent.py first seen with mtime 1750913930.9526465
File C:\Users\abby\anaconda3\envs\washing\Lib\site-packages\django\core\servers\__init__.py first seen with mtime 1750913934.8706853
File C:\Users\abby\anaconda3\envs\washing\Lib\site-packages\django\core\serializers\base.py first seen with mtime 1750913934.8663745
File C:\Users\abby\anaconda3\envs\washing\Lib\asyncio\constants.py first seen with mtime 1749656217.0
File C:\Users\abby\anaconda3\envs\washing\Lib\site-packages\django\views\generic\list.py first seen with mtime 1750913935.1710472
File C:\Users\abby\anaconda3\envs\washing\Lib\ctypes\_endian.py first seen with mtime 1749656217.0
File C:\Users\abby\anaconda3\envs\washing\Lib\argparse.py first seen with mtime 1749656217.0
File C:\Users\abby\anaconda3\envs\washing\Lib\site-packages\django\utils\deconstruct.py first seen with mtime 1750913935.1306784
File C:\Users\abby\anaconda3\envs\washing\Lib\site-packages\tzlocal\__init__.py first seen with mtime 1750913954.9616125
File C:\Users\abby\anaconda3\envs\washing\Lib\site-packages\django\core\cache\backends\filebased.py first seen with mtime 1750913934.795948
File C:\Users\abby\anaconda3\envs\washing\Lib\importlib\abc.py first seen with mtime 1749656217.0
File C:\Users\abby\anaconda3\envs\washing\Lib\site-packages\selenium\webdriver\common\fedcm\__init__.py first seen with mtime 1750914181.3780732
File C:\Users\abby\anaconda3\envs\washing\Lib\site-packages\django\db\models\enums.py first seen with mtime 1750913934.9424446
File C:\Users\abby\anaconda3\envs\washing\Lib\wsgiref\handlers.py first seen with mtime 1749656217.0
File C:\Users\abby\anaconda3\envs\washing\Lib\contextvars.py first seen with mtime 1749656217.0
File C:\Users\abby\anaconda3\envs\washing\Lib\site-packages\sqlparse\tokens.py first seen with mtime 1750913930.9478219
File C:\Users\abby\anaconda3\envs\washing\Lib\zoneinfo\_tzpath.py first seen with mtime 1749656217.0
File C:\Users\abby\anaconda3\envs\washing\Lib\site-packages\colorama\ansitowin32.py first seen with mtime 1750744765.3874526
File C:\Users\abby\anaconda3\envs\washing\Lib\re\_casefix.py first seen with mtime 1749656217.0
File C:\Users\abby\anaconda3\envs\washing\Lib\site-packages\apscheduler\jobstores\base.py first seen with mtime 1750913955.0175076
File C:\Users\abby\anaconda3\envs\washing\Lib\platform.py first seen with mtime 1749746124.6086116
File C:\Users\abby\anaconda3\envs\washing\Lib\site-packages\django\db\models\functions\mixins.py first seen with mtime 1750913934.968053
File C:\Users\abby\anaconda3\envs\washing\Lib\multiprocessing\reduction.py first seen with mtime 1749656217.0
File C:\Users\abby\anaconda3\envs\washing\Lib\fnmatch.py first seen with mtime 1749656217.0
File C:\Users\abby\anaconda3\envs\washing\Lib\site-packages\selenium\webdriver\edge\options.py first seen with mtime 1750914181.5229318
File C:\Users\abby\anaconda3\envs\washing\Lib\re\_constants.py first seen with mtime 1749656217.0
File C:\Users\abby\anaconda3\envs\washing\Lib\gettext.py first seen with mtime 1749656217.0
File C:\Users\abby\anaconda3\envs\washing\Lib\site-packages\selenium\webdriver\firefox\firefox_binary.py first seen with mtime 1750914181.5303547
File C:\Users\abby\anaconda3\envs\washing\Lib\site-packages\django\core\files\uploadedfile.py first seen with mtime 1750913934.817494
File C:\Users\abby\anaconda3\envs\washing\Lib\site-packages\django\db\models\aggregates.py first seen with mtime 1750913934.937178
File C:\Users\abby\anaconda3\envs\washing\Lib\site-packages\apscheduler\triggers\cron\expressions.py first seen with mtime 1750913955.038344
File C:\Users\abby\anaconda3\envs\washing\Lib\site-packages\django\db\models\fields\reverse_related.py first seen with mtime 1750913934.9631073
File C:\Users\abby\Desktop\~獰\washing_scheduler\appointment_scheduler\settings.py first seen with mtime 1751535351.9425938
File C:\Users\abby\anaconda3\envs\washing\Lib\site-packages\django\db\models\functions\__init__.py first seen with mtime 1750913934.9655342
File C:\Users\abby\anaconda3\envs\washing\Lib\site-packages\django\template\loaders\cached.py first seen with mtime 1750913935.0913544
File C:\Users\abby\anaconda3\envs\washing\Lib\site-packages\sqlparse\filters\tokens.py first seen with mtime 1750913930.9569294
File C:\Users\abby\anaconda3\envs\washing\Lib\site-packages\django\core\checks\security\base.py first seen with mtime 1750913934.8110693
File C:\Users\abby\anaconda3\envs\washing\DLLs\select.pyd first seen with mtime 1749747198.620164
File C:\Users\abby\anaconda3\envs\washing\Lib\site-packages\django\core\handlers\wsgi.py first seen with mtime 1750913934.830744
File C:\Users\abby\anaconda3\envs\washing\Lib\_markupbase.py first seen with mtime 1749656217.0
File C:\Users\abby\anaconda3\envs\washing\Lib\site-packages\django\db\migrations\operations\base.py first seen with mtime 1750913934.9327018
File C:\Users\abby\anaconda3\envs\washing\Lib\site-packages\django\utils\numberformat.py first seen with mtime 1750913935.1450312
File C:\Users\abby\anaconda3\envs\washing\Lib\site-packages\django\utils\_os.py first seen with mtime 1750913935.1148539
File C:\Users\abby\anaconda3\envs\washing\Lib\asyncio\coroutines.py first seen with mtime 1749656217.0
File C:\Users\abby\anaconda3\envs\washing\Lib\site-packages\apscheduler\triggers\cron\__init__.py first seen with mtime 1750913955.0373363
File C:\Users\abby\anaconda3\envs\washing\Lib\site-packages\django\db\migrations\utils.py first seen with mtime 1750913934.931183
File C:\Users\abby\anaconda3\envs\washing\Lib\site-packages\urllib3\_request_methods.py first seen with mtime 1750914179.3451965
File C:\Users\abby\anaconda3\envs\washing\Lib\site-packages\sqlparse\engine\__init__.py first seen with mtime 1750913930.949015
File C:\Users\abby\anaconda3\envs\washing\Lib\site-packages\selenium\webdriver\common\bidi\script.py first seen with mtime 1750914181.2382357
File C:\Users\abby\anaconda3\envs\washing\Lib\site-packages\django\db\backends\base\validation.py first seen with mtime 1750913934.8852684
File C:\Users\abby\anaconda3\envs\washing\Lib\ctypes\__init__.py first seen with mtime 1749656217.0
File C:\Users\abby\anaconda3\envs\washing\Lib\dataclasses.py first seen with mtime 1749656217.0
File C:\Users\abby\anaconda3\envs\washing\Lib\site-packages\tzlocal\win32.py first seen with mtime 1750913954.967672
File C:\Users\abby\anaconda3\envs\washing\Lib\_compression.py first seen with mtime 1749656217.0
File C:\Users\abby\anaconda3\envs\washing\Lib\site-packages\django\contrib\staticfiles\__init__.py first seen with mtime 1750913934.764004
File C:\Users\abby\anaconda3\envs\washing\Lib\inspect.py first seen with mtime 1749656217.0
File C:\Users\abby\anaconda3\envs\washing\Lib\site-packages\apscheduler\triggers\interval.py first seen with mtime 1750913955.0361073
File C:\Users\abby\anaconda3\envs\washing\Lib\site-packages\apscheduler\jobstores\memory.py first seen with mtime 1750913955.019518
File C:\Users\abby\anaconda3\envs\washing\Lib\site-packages\django_apscheduler\models.py first seen with mtime 1750913955.2051892
File C:\Users\abby\anaconda3\envs\washing\Lib\opcode.py first seen with mtime 1749656217.0
File C:\Users\abby\anaconda3\envs\washing\DLLs\_socket.pyd first seen with mtime 1749747229.6361992
File C:\Users\abby\anaconda3\envs\washing\Lib\site-packages\apscheduler\triggers\__init__.py first seen with mtime 1750913955.031031
File C:\Users\abby\anaconda3\envs\washing\Lib\site-packages\asgiref\sync.py first seen with mtime 1750913931.0746343
File C:\Users\abby\anaconda3\envs\washing\Lib\site-packages\django\db\models\__init__.py first seen with mtime 1750913934.937178
File C:\Users\abby\anaconda3\envs\washing\Lib\site-packages\django\http\response.py first seen with mtime 1750913935.0629678
File C:\Users\abby\anaconda3\envs\washing\Lib\site-packages\django\utils\dateformat.py first seen with mtime 1750913935.128532
File C:\Users\abby\anaconda3\envs\washing\Lib\concurrent\futures\thread.py first seen with mtime 1749656217.0
File C:\Users\abby\anaconda3\envs\washing\Lib\site-packages\selenium\common\__init__.py first seen with mtime 1750914181.2035618
File C:\Users\abby\anaconda3\envs\washing\Lib\asyncio\transports.py first seen with mtime 1749656217.0
File C:\Users\abby\anaconda3\envs\washing\Lib\site-packages\selenium\webdriver\common\actions\wheel_input.py first seen with mtime 1750914181.2311144
File C:\Users\abby\anaconda3\envs\washing\Lib\site-packages\selenium\webdriver\safari\webdriver.py first seen with mtime 1750914181.5781705
File C:\Users\abby\anaconda3\envs\washing\Lib\site-packages\django\contrib\messages\apps.py first seen with mtime 1750913933.841617
File C:\Users\abby\anaconda3\envs\washing\Lib\site-packages\django\core\checks\model_checks.py first seen with mtime 1750913934.8031425
File C:\Users\abby\anaconda3\envs\washing\Lib\site-packages\django\core\management\base.py first seen with mtime 1750913934.8400428
File C:\Users\abby\anaconda3\envs\washing\Lib\site-packages\django\core\cache\utils.py first seen with mtime 1750913934.7926574
File C:\Users\abby\anaconda3\envs\washing\Lib\site-packages\django\urls\resolvers.py first seen with mtime 1750913935.1126277
File C:\Users\abby\anaconda3\envs\washing\Lib\site-packages\sqlparse\filters\output.py first seen with mtime 1750913930.9536655
File C:\Users\abby\anaconda3\envs\washing\Lib\email\_policybase.py first seen with mtime 1749656217.0
File C:\Users\abby\anaconda3\envs\washing\Lib\xml\dom\__init__.py first seen with mtime 1749656217.0
File C:\Users\abby\anaconda3\envs\washing\Lib\site-packages\apscheduler\triggers\cron\fields.py first seen with mtime 1750913955.038344
File C:\Users\abby\anaconda3\envs\washing\Lib\site-packages\selenium\webdriver\firefox\firefox_profile.py first seen with mtime 1750914181.5313632
File C:\Users\abby\anaconda3\envs\washing\Lib\site-packages\django\contrib\sites\models.py first seen with mtime 1750913934.536146
File C:\Users\abby\anaconda3\envs\washing\Lib\site-packages\django\contrib\admin\models.py first seen with mtime 1750913931.6146095
File C:\Users\abby\anaconda3\envs\washing\Lib\site-packages\selenium\webdriver\common\by.py first seen with mtime 1750914181.2412546
File C:\Users\abby\anaconda3\envs\washing\Lib\site-packages\django\contrib\auth\__init__.py first seen with mtime 1750913932.4850922
File C:\Users\abby\anaconda3\envs\washing\Lib\site-packages\django\db\models\sql\query.py first seen with mtime 1750913934.978819
File C:\Users\abby\anaconda3\envs\washing\Lib\site-packages\django\db\backends\__init__.py first seen with mtime 1750913934.874963
File C:\Users\abby\anaconda3\envs\washing\Lib\concurrent\futures\process.py first seen with mtime 1749656217.0
File C:\Users\abby\anaconda3\envs\washing\Lib\site-packages\django\utils\termcolors.py first seen with mtime 1750913935.147051
File C:\Users\abby\anaconda3\envs\washing\Lib\site-packages\selenium\webdriver\common\service.py first seen with mtime 1750914181.4863565
File C:\Users\abby\anaconda3\envs\washing\Lib\site-packages\django\template\defaultfilters.py first seen with mtime 1750913935.0765238
File C:\Users\abby\anaconda3\envs\washing\Lib\site-packages\django\utils\html.py first seen with mtime 1750913935.1380923
File C:\Users\abby\anaconda3\envs\washing\Lib\pathlib\__init__.py first seen with mtime 1749656217.0
File C:\Users\abby\anaconda3\envs\washing\Lib\site-packages\selenium\webdriver\wpewebkit\__init__.py first seen with mtime 1750914181.5899596
File C:\Users\abby\anaconda3\envs\washing\Lib\site-packages\django\utils\asyncio.py first seen with mtime 1750913935.118148
File C:\Users\abby\anaconda3\envs\washing\Lib\xml\dom\minicompat.py first seen with mtime 1749656217.0
File C:\Users\abby\anaconda3\envs\washing\Lib\site-packages\django\utils\regex_helper.py first seen with mtime 1750913935.146041
File C:\Users\abby\anaconda3\envs\washing\Lib\site-packages\selenium\__init__.py first seen with mtime 1750914181.2025387
File C:\Users\abby\anaconda3\envs\washing\Lib\site-packages\django\db\backends\dummy\__init__.py first seen with mtime 1750913934.8862774
File C:\Users\abby\anaconda3\envs\washing\Lib\site-packages\django\contrib\__init__.py first seen with mtime 1750913931.6014254
File C:\Users\abby\anaconda3\envs\washing\Lib\site-packages\django\core\management\__init__.py first seen with mtime 1750913934.8390317
File C:\Users\abby\anaconda3\envs\washing\Lib\site-packages\selenium\webdriver\ie\__init__.py first seen with mtime 1750914181.541086
File C:\Users\abby\anaconda3\envs\washing\Lib\site-packages\django\urls\__init__.py first seen with mtime 1750913935.10809
File C:\Users\abby\anaconda3\envs\washing\Lib\site-packages\sqlparse\__init__.py first seen with mtime 1750913930.9412959
File C:\Users\abby\anaconda3\envs\washing\Lib\site-packages\django\template\utils.py first seen with mtime 1750913935.0841396
File C:\Users\abby\anaconda3\envs\washing\Lib\site-packages\urllib3\connectionpool.py first seen with mtime 1750914179.346203
File C:\Users\abby\anaconda3\envs\washing\Lib\email\__init__.py first seen with mtime 1749656217.0
File C:\Users\abby\anaconda3\envs\washing\Lib\site-packages\selenium\common\exceptions.py first seen with mtime 1750914181.2046
File C:\Users\abby\anaconda3\envs\washing\Lib\site-packages\django\conf\locale\__init__.py first seen with mtime 1750913931.1822171
File C:\Users\abby\Desktop\~獰\washing_scheduler\booking\admin.py first seen with mtime 1750911676.440207
File C:\Users\abby\anaconda3\envs\washing\Lib\site-packages\django\core\files\images.py first seen with mtime 1750913934.814603
File C:\Users\abby\anaconda3\envs\washing\Lib\site-packages\selenium\webdriver\common\options.py first seen with mtime 1750914181.4830692
File C:\Users\abby\anaconda3\envs\washing\Lib\site-packages\django\template\loaders\base.py first seen with mtime 1750913935.0913544
File C:\Users\abby\anaconda3\envs\washing\Lib\site-packages\django\views\generic\base.py first seen with mtime 1750913935.169027
File C:\Users\abby\anaconda3\envs\washing\Lib\site-packages\selenium\webdriver\common\virtual_authenticator.py first seen with mtime 1750914181.4883835
File C:\Users\abby\anaconda3\envs\washing\Lib\struct.py first seen with mtime 1749656217.0
File C:\Users\abby\anaconda3\envs\washing\Lib\site-packages\colorama\initialise.py first seen with mtime 1750744765.3884604
File C:\Users\abby\anaconda3\envs\washing\Lib\email\mime\base.py first seen with mtime 1749656217.0
File C:\Users\abby\anaconda3\envs\washing\Lib\site-packages\django\db\models\sql\constants.py first seen with mtime 1750913934.97682
File C:\Users\abby\anaconda3\envs\washing\Lib\site-packages\django\db\models\signals.py first seen with mtime 1750913934.949664
File C:\Users\abby\anaconda3\envs\washing\Lib\site-packages\django\http\__init__.py first seen with mtime 1750913935.0598278
File C:\Users\abby\anaconda3\envs\washing\Lib\site-packages\django\apps\config.py first seen with mtime 1750913931.1739366
File C:\Users\abby\anaconda3\envs\washing\Lib\site-packages\django\forms\utils.py first seen with mtime 1750913934.9913998
File C:\Users\abby\anaconda3\envs\washing\Lib\site-packages\selenium\webdriver\common\actions\mouse_button.py first seen with mtime 1750914181.2291179
File C:\Users\abby\anaconda3\envs\washing\Lib\concurrent\futures\_base.py first seen with mtime 1749656217.0
File C:\Users\abby\anaconda3\envs\washing\Lib\site-packages\django\core\files\temp.py first seen with mtime 1750913934.817494
File C:\Users\abby\anaconda3\envs\washing\Lib\multiprocessing\__init__.py first seen with mtime 1749656217.0
File C:\Users\abby\anaconda3\envs\washing\Lib\secrets.py first seen with mtime 1749656217.0
File C:\Users\abby\anaconda3\envs\washing\Lib\site-packages\selenium\webdriver\common\bidi\__init__.py first seen with mtime 1750914181.2326212
File C:\Users\abby\anaconda3\envs\washing\Lib\ast.py first seen with mtime 1749656217.0
File C:\Users\abby\anaconda3\envs\washing\Lib\stringprep.py first seen with mtime 1749656217.0
File C:\Users\abby\anaconda3\envs\washing\Lib\xml\__init__.py first seen with mtime 1749656217.0
File C:\Users\abby\anaconda3\envs\washing\Lib\zoneinfo\__init__.py first seen with mtime 1749656217.0
File C:\Users\abby\anaconda3\envs\washing\Lib\nturl2path.py first seen with mtime 1749656217.0
File C:\Users\abby\anaconda3\envs\washing\Lib\site-packages\django\contrib\auth\password_validation.py first seen with mtime 1750913932.4961529
File C:\Users\abby\anaconda3\envs\washing\Lib\site-packages\django\template\loaders\filesystem.py first seen with mtime 1750913935.0928905
File C:\Users\abby\anaconda3\envs\washing\Lib\getpass.py first seen with mtime 1749656217.0
File C:\Users\abby\anaconda3\envs\washing\Lib\site-packages\django\contrib\admin\decorators.py first seen with mtime 1750913931.6071465
File C:\Users\abby\anaconda3\envs\washing\Lib\urllib\parse.py first seen with mtime 1749656217.0
File C:\Users\abby\anaconda3\envs\washing\Lib\site-packages\apscheduler\executors\__init__.py first seen with mtime 1750913955.0081584
File C:\Users\abby\anaconda3\envs\washing\Lib\site-packages\django\core\files\storage\base.py first seen with mtime 1750913934.8238728
File C:\Users\abby\anaconda3\envs\washing\Lib\site-packages\django\conf\global_settings.py first seen with mtime 1750913931.1767664
File C:\Users\abby\anaconda3\envs\washing\Lib\bz2.py first seen with mtime 1749656217.0
File C:\Users\abby\anaconda3\envs\washing\Lib\multiprocessing\queues.py first seen with mtime 1749656217.0
File C:\Users\abby\anaconda3\envs\washing\Lib\site-packages\dj_database_url\__init__.py first seen with mtime 1751529069.4489303
File C:\Users\abby\anaconda3\envs\washing\Lib\site-packages\selenium\webdriver\common\print_page_options.py first seen with mtime 1750914181.484072
File C:\Users\abby\anaconda3\envs\washing\Lib\site-packages\django\contrib\admin\templatetags\admin_urls.py first seen with mtime 1750913932.2549522
File C:\Users\abby\anaconda3\envs\washing\Lib\site-packages\urllib3\__init__.py first seen with mtime 1750914179.3429506
File C:\Users\abby\anaconda3\envs\washing\Lib\site-packages\django\core\handlers\__init__.py first seen with mtime 1750913934.827384
File C:\Users\abby\anaconda3\envs\washing\Lib\site-packages\django_apscheduler\apps.py first seen with mtime 1750913955.202661
File C:\Users\abby\anaconda3\envs\washing\Lib\site-packages\django\contrib\admin\widgets.py first seen with mtime 1750913931.6225307
File C:\Users\abby\anaconda3\envs\washing\Lib\site-packages\django\db\models\lookups.py first seen with mtime 1750913934.945476
File C:\Users\abby\anaconda3\envs\washing\Lib\zipfile\_path\glob.py first seen with mtime 1749656217.0
File C:\Users\abby\anaconda3\envs\washing\Lib\site-packages\django\utils\cache.py first seen with mtime 1750913935.1229725
File C:\Users\abby\anaconda3\envs\washing\Lib\email\charset.py first seen with mtime 1749656217.0
File C:\Users\abby\anaconda3\envs\washing\Lib\asyncio\format_helpers.py first seen with mtime 1749656217.0
File C:\Users\abby\anaconda3\envs\washing\Lib\site-packages\django\views\decorators\cache.py first seen with mtime 1750913935.162435
File C:\Users\abby\anaconda3\envs\washing\Lib\site-packages\urllib3\util\proxy.py first seen with mtime 1750914179.360316
File C:\Users\abby\anaconda3\envs\washing\Lib\site-packages\django\middleware\cache.py first seen with mtime 1750913935.0657494
File C:\Users\abby\anaconda3\envs\washing\Lib\site-packages\django\core\checks\security\sessions.py first seen with mtime 1750913934.8125782
File C:\Users\abby\anaconda3\envs\washing\Lib\site-packages\django\contrib\admin\options.py first seen with mtime 1750913931.6172307
File C:\Users\abby\anaconda3\envs\washing\Lib\site-packages\django\core\files\base.py first seen with mtime 1750913934.814603
File C:\Users\abby\anaconda3\envs\washing\Lib\site-packages\django\contrib\sites\management.py first seen with mtime 1750913934.5338244
File C:\Users\abby\anaconda3\envs\washing\Lib\site-packages\apscheduler\schedulers\base.py first seen with mtime 1750913955.0277414
File C:\Users\abby\anaconda3\envs\washing\Lib\site-packages\selenium\webdriver\common\desired_capabilities.py first seen with mtime 1750914181.2412546
File C:\Users\abby\anaconda3\envs\washing\Lib\site-packages\selenium\webdriver\common\action_chains.py first seen with mtime 1750914181.221951
File C:\Users\abby\anaconda3\envs\washing\Lib\textwrap.py first seen with mtime 1749656217.0
File C:\Users\abby\anaconda3\envs\washing\Lib\zipfile\__init__.py first seen with mtime 1749656217.0
File C:\Users\abby\anaconda3\envs\washing\Lib\site-packages\django\db\models\indexes.py first seen with mtime 1750913934.9444702
File C:\Users\abby\anaconda3\envs\washing\Lib\difflib.py first seen with mtime 1749656217.0
File C:\Users\abby\anaconda3\envs\washing\Lib\site-packages\django\core\files\move.py first seen with mtime 1750913934.816982
File C:\Users\abby\anaconda3\envs\washing\Lib\importlib\resources\_functional.py first seen with mtime 1749656217.0
File C:\Users\abby\anaconda3\envs\washing\Lib\site-packages\django\template\loaders\__init__.py first seen with mtime 1750913935.0902905
File C:\Users\abby\anaconda3\envs\washing\Lib\site-packages\django\core\files\storage\__init__.py first seen with mtime 1750913934.8218293
File C:\Users\abby\anaconda3\envs\washing\Lib\site-packages\selenium\webdriver\wpewebkit\service.py first seen with mtime 1750914181.590959
File C:\Users\abby\anaconda3\envs\washing\Lib\site-packages\django\utils\translation\reloader.py first seen with mtime 1750913935.1537597
File C:\Users\abby\anaconda3\envs\washing\Lib\site-packages\django\db\models\expressions.py first seen with mtime 1750913934.9424446
File C:\Users\abby\anaconda3\envs\washing\Lib\site-packages\asgiref\__init__.py first seen with mtime 1750913931.069664
File C:\Users\abby\anaconda3\envs\washing\DLLs\_ctypes.pyd first seen with mtime 1749747212.119894
File C:\Users\abby\anaconda3\envs\washing\Lib\zoneinfo\_common.py first seen with mtime 1749656217.0
File C:\Users\abby\anaconda3\envs\washing\Lib\site-packages\django\core\checks\templates.py first seen with mtime 1750913934.806635
File C:\Users\abby\anaconda3\envs\washing\Lib\weakref.py first seen with mtime 1749656217.0
File C:\Users\abby\anaconda3\envs\washing\Lib\re\__init__.py first seen with mtime 1749656217.0
File C:\Users\abby\anaconda3\envs\washing\Lib\site-packages\django\urls\converters.py first seen with mtime 1750913935.1101103
File C:\Users\abby\anaconda3\envs\washing\Lib\site-packages\django\contrib\contenttypes\admin.py first seen with mtime 1750913932.7483952
File C:\Users\abby\anaconda3\envs\washing\Lib\site-packages\websocket\_exceptions.py first seen with mtime 1750914179.1716275
File C:\Users\abby\anaconda3\envs\washing\Lib\site-packages\selenium\webdriver\common\bidi\log.py first seen with mtime 1750914181.2372124
File C:\Users\abby\anaconda3\envs\washing\Lib\site-packages\selenium\webdriver\remote\locator_converter.py first seen with mtime 1750914181.5595682
File C:\Users\abby\anaconda3\envs\washing\Lib\site-packages\selenium\webdriver\remote\websocket_connection.py first seen with mtime 1750914181.5730934
File C:\Users\abby\anaconda3\envs\washing\Lib\importlib\resources\__init__.py first seen with mtime 1749656217.0
File C:\Users\abby\anaconda3\envs\washing\Lib\site-packages\django\utils\translation\trans_real.py first seen with mtime 1750913935.1567843
File C:\Users\abby\anaconda3\envs\washing\DLLs\_asyncio.pyd first seen with mtime 1749747208.3657627
File C:\Users\abby\anaconda3\envs\washing\Lib\site-packages\django\utils\timezone.py first seen with mtime 1750913935.149527
File C:\Users\abby\anaconda3\envs\washing\Lib\site-packages\websocket\_url.py first seen with mtime 1750914179.1767044
File C:\Users\abby\anaconda3\envs\washing\Lib\site-packages\django\db\migrations\operations\__init__.py first seen with mtime 1750913934.9327018
File C:\Users\abby\anaconda3\envs\washing\Lib\multiprocessing\connection.py first seen with mtime 1749656217.0
File C:\Users\abby\anaconda3\envs\washing\Lib\asyncio\proactor_events.py first seen with mtime 1749656217.0
File C:\Users\abby\anaconda3\envs\washing\Lib\site-packages\sqlparse\engine\grouping.py first seen with mtime 1750913930.95037
File C:\Users\abby\anaconda3\envs\washing\Lib\site-packages\asgiref\current_thread_executor.py first seen with mtime 1750913931.0709286
File C:\Users\abby\anaconda3\envs\washing\Lib\site-packages\django\forms\boundfield.py first seen with mtime 1750913934.98433
File C:\Users\abby\anaconda3\envs\washing\Lib\site-packages\django\template\backends\__init__.py first seen with mtime 1750913935.08515
File C:\Users\abby\anaconda3\envs\washing\Lib\ipaddress.py first seen with mtime 1749656217.0
File C:\Users\abby\anaconda3\envs\washing\Lib\site-packages\selenium\webdriver\wpewebkit\webdriver.py first seen with mtime 1750914181.5920804
File C:\Users\abby\anaconda3\envs\washing\Lib\site-packages\django\core\serializers\python.py first seen with mtime 1750913934.868656
File C:\Users\abby\anaconda3\envs\washing\Lib\email\policy.py first seen with mtime 1749656217.0
File C:\Users\abby\anaconda3\envs\washing\Lib\asyncio\trsock.py first seen with mtime 1749656217.0
File C:\Users\abby\anaconda3\envs\washing\Lib\base64.py first seen with mtime 1749656217.0
File C:\Users\abby\anaconda3\envs\washing\Lib\asyncio\windows_events.py first seen with mtime 1749656217.0
File C:\Users\abby\anaconda3\envs\washing\Lib\site-packages\selenium\webdriver\support\__init__.py first seen with mtime 1750914181.5796654
File C:\Users\abby\anaconda3\envs\washing\Lib\site-packages\urllib3\util\response.py first seen with mtime 1750914179.3627286
File C:\Users\abby\anaconda3\envs\washing\Lib\importlib\_abc.py first seen with mtime 1749656217.0
File C:\Users\abby\anaconda3\envs\washing\Lib\site-packages\django\contrib\auth\hashers.py first seen with mtime 1750913932.4925652
File C:\Users\abby\anaconda3\envs\washing\Lib\site-packages\selenium\webdriver\chrome\options.py first seen with mtime 1750914181.2076993
File C:\Users\abby\anaconda3\envs\washing\Lib\site-packages\urllib3\_base_connection.py first seen with mtime 1750914179.3439775
File C:\Users\abby\anaconda3\envs\washing\Lib\site-packages\selenium\webdriver\edge\service.py first seen with mtime 1750914181.5253978
File C:\Users\abby\Desktop\~獰\washing_scheduler\booking\forms.py first seen with mtime 1750911676.472303
File C:\Users\abby\anaconda3\envs\washing\Lib\site-packages\apscheduler\executors\pool.py first seen with mtime 1750913955.0153792
File C:\Users\abby\anaconda3\envs\washing\Lib\site-packages\django\db\models\utils.py first seen with mtime 1750913934.9506762
File C:\Users\abby\anaconda3\envs\washing\Lib\site-packages\django\core\handlers\exception.py first seen with mtime 1750913934.8297338
File C:\Users\abby\anaconda3\envs\washing\Lib\site-packages\django\contrib\auth\forms.py first seen with mtime 1750913932.4910533
File C:\Users\abby\anaconda3\envs\washing\Lib\site-packages\django\contrib\sites\__init__.py first seen with mtime 1750913934.530326
File C:\Users\abby\anaconda3\envs\washing\Lib\site-packages\sqlparse\keywords.py first seen with mtime 1750913930.9442697
File C:\Users\abby\anaconda3\envs\washing\Lib\traceback.py first seen with mtime 1749656217.0
File C:\Users\abby\anaconda3\envs\washing\Lib\site-packages\urllib3\connection.py first seen with mtime 1750914179.346203
File C:\Users\abby\anaconda3\envs\washing\Lib\site-packages\django\db\models\functions\comparison.py first seen with mtime 1750913934.9655342
File C:\Users\abby\anaconda3\envs\washing\Lib\site-packages\django\db\backends\dummy\features.py first seen with mtime 1750913934.8873026
File C:\Users\abby\anaconda3\envs\washing\Lib\contextlib.py first seen with mtime 1749656217.0
File C:\Users\abby\anaconda3\envs\washing\Lib\site-packages\django\contrib\admin\__init__.py first seen with mtime 1750913931.6024323
File C:\Users\abby\anaconda3\envs\washing\Lib\site-packages\django\middleware\csrf.py first seen with mtime 1750913935.0678866
File C:\Users\abby\anaconda3\envs\washing\Lib\site-packages\tzlocal\utils.py first seen with mtime 1750913954.9661715
File C:\Users\abby\anaconda3\envs\washing\Lib\shutil.py first seen with mtime 1749656217.0
File C:\Users\abby\anaconda3\envs\washing\Lib\site-packages\django\db\models\fields\related_descriptors.py first seen with mtime 1750913934.9607959
File C:\Users\abby\anaconda3\envs\washing\Lib\copyreg.py first seen with mtime 1749656217.0
File C:\Users\abby\anaconda3\envs\washing\Lib\asyncio\exceptions.py first seen with mtime 1749656217.0
File C:\Users\abby\anaconda3\envs\washing\Lib\site-packages\sqlparse\filters\right_margin.py first seen with mtime 1750913930.9557045
File C:\Users\abby\anaconda3\envs\washing\Lib\site-packages\apscheduler\schedulers\background.py first seen with mtime 1750913955.0264044
File C:\Users\abby\anaconda3\envs\washing\Lib\email\headerregistry.py first seen with mtime 1749656217.0
File C:\Users\abby\anaconda3\envs\washing\Lib\site-packages\django\contrib\sessions\models.py first seen with mtime 1750913934.2827325
File C:\Users\abby\anaconda3\envs\washing\Lib\site-packages\django\contrib\messages\storage\base.py first seen with mtime 1750913933.8476338
File C:\Users\abby\anaconda3\envs\washing\Lib\site-packages\django\utils\hashable.py first seen with mtime 1750913935.1368842
File C:\Users\abby\anaconda3\envs\washing\Lib\email\_header_value_parser.py first seen with mtime 1749656217.0
File C:\Users\abby\anaconda3\envs\washing\Lib\site-packages\django\db\migrations\migration.py first seen with mtime 1750913934.9253523
File C:\Users\abby\anaconda3\envs\washing\Lib\site-packages\django\utils\autoreload.py first seen with mtime 1750913935.1192296
File C:\Users\abby\anaconda3\envs\washing\Lib\site-packages\selenium\webdriver\safari\options.py first seen with mtime 1750914181.5751097
File C:\Users\abby\anaconda3\envs\washing\Lib\site-packages\sqlparse\exceptions.py first seen with mtime 1750913930.9428015
File C:\Users\abby\anaconda3\envs\washing\Lib\site-packages\django\core\checks\security\csrf.py first seen with mtime 1750913934.8110693
File C:\Users\abby\anaconda3\envs\washing\Lib\site-packages\django\contrib\sites\checks.py first seen with mtime 1750913934.5327206
File C:\Users\abby\anaconda3\envs\washing\Lib\site-packages\selenium\webdriver\remote\client_config.py first seen with mtime 1750914181.5483148
File C:\Users\abby\anaconda3\envs\washing\Lib\site-packages\django\template\loader.py first seen with mtime 1750913935.0816004
File C:\Users\abby\anaconda3\envs\washing\Lib\site-packages\selenium\webdriver\remote\script_key.py first seen with mtime 1750914181.566319
File C:\Users\abby\anaconda3\envs\washing\Lib\site-packages\django\contrib\sites\admin.py first seen with mtime 1750913934.531714
File C:\Users\abby\anaconda3\envs\washing\Lib\importlib\metadata\_text.py first seen with mtime 1749656217.0
File C:\Users\abby\anaconda3\envs\washing\Lib\site-packages\django\db\models\sql\subqueries.py first seen with mtime 1750913934.979819
File C:\Users\abby\anaconda3\envs\washing\Lib\email\utils.py first seen with mtime 1749656217.0
File C:\Users\abby\anaconda3\envs\washing\Lib\site-packages\django\views\debug.py first seen with mtime 1750913935.1589098
File C:\Users\abby\anaconda3\envs\washing\Lib\site-packages\django\conf\__init__.py first seen with mtime 1750913931.1753087
File C:\Users\abby\anaconda3\envs\washing\Lib\re\_compiler.py first seen with mtime 1749656217.0
File C:\Users\abby\anaconda3\envs\washing\Lib\site-packages\django\contrib\staticfiles\apps.py first seen with mtime 1750913934.764004
File C:\Users\abby\anaconda3\envs\washing\Lib\site-packages\django\views\decorators\debug.py first seen with mtime 1750913935.1649892
File C:\Users\abby\anaconda3\envs\washing\Lib\site-packages\django\core\serializers\json.py first seen with mtime 1750913934.8663745
File C:\Users\abby\anaconda3\envs\washing\Lib\site-packages\django\utils\choices.py first seen with mtime 1750913935.1250274
File C:\Users\abby\anaconda3\envs\washing\Lib\site-packages\django\views\generic\edit.py first seen with mtime 1750913935.1710472
File C:\Users\abby\anaconda3\envs\washing\Lib\asyncio\protocols.py first seen with mtime 1749656217.0
File C:\Users\abby\anaconda3\envs\washing\Lib\site-packages\django\contrib\admin\apps.py first seen with mtime 1750913931.6059358
File C:\Users\abby\anaconda3\envs\washing\Lib\site-packages\_distutils_hack\__init__.py first seen with mtime 1745086990.0
File C:\Users\abby\anaconda3\envs\washing\Lib\site-packages\urllib3\util\connection.py first seen with mtime 1750914179.3592756
File C:\Users\abby\anaconda3\envs\washing\Lib\site-packages\django\db\backends\base\operations.py first seen with mtime 1750913934.8825543
File C:\Users\abby\anaconda3\envs\washing\Lib\site-packages\django\core\serializers\__init__.py first seen with mtime 1750913934.8653738
File C:\Users\abby\anaconda3\envs\washing\Lib\site-packages\django\core\cache\__init__.py first seen with mtime 1750913934.7911477
File C:\Users\abby\anaconda3\envs\washing\Lib\_weakrefset.py first seen with mtime 1749656217.0
File C:\Users\abby\anaconda3\envs\washing\Lib\site-packages\django\template\response.py first seen with mtime 1750913935.0831301
File C:\Users\abby\anaconda3\envs\washing\Lib\site-packages\selenium\webdriver\common\actions\wheel_actions.py first seen with mtime 1750914181.2311144
File C:\Users\abby\anaconda3\envs\washing\Lib\locale.py first seen with mtime 1749656217.0
File C:\Users\abby\anaconda3\envs\washing\Lib\asyncio\log.py first seen with mtime 1749656217.0
File C:\Users\abby\anaconda3\envs\washing\Lib\typing.py first seen with mtime 1749656217.0
File C:\Users\abby\anaconda3\envs\washing\Lib\site-packages\websocket\_abnf.py first seen with mtime 1750914179.1673105
File C:\Users\abby\anaconda3\envs\washing\Lib\site-packages\django\contrib\sites\requests.py first seen with mtime 1750913934.536146
File C:\Users\abby\anaconda3\envs\washing\Lib\site-packages\django\apps\__init__.py first seen with mtime 1750913931.1727996
File C:\Users\abby\anaconda3\envs\washing\Lib\site-packages\selenium\webdriver\common\selenium_manager.py first seen with mtime 1750914181.4850755
File C:\Users\abby\anaconda3\envs\washing\Lib\site-packages\django\db\models\manager.py first seen with mtime 1750913934.9464746
File C:\Users\abby\anaconda3\envs\washing\Lib\importlib\resources\_adapters.py first seen with mtime 1749656217.0
File C:\Users\abby\anaconda3\envs\washing\Lib\site-packages\selenium\webdriver\edge\__init__.py first seen with mtime 1750914181.5219283
File C:\Users\abby\anaconda3\envs\washing\Lib\multiprocessing\process.py first seen with mtime 1749656217.0
File C:\Users\abby\anaconda3\envs\washing\Lib\site-packages\sqlparse\lexer.py first seen with mtime 1750913930.9457648
File C:\Users\abby\anaconda3\envs\washing\Lib\site-packages\django\core\handlers\base.py first seen with mtime 1750913934.8283873
File C:\Users\abby\anaconda3\envs\washing\Lib\threading.py first seen with mtime 1749656217.0
File C:\Users\abby\anaconda3\envs\washing\Lib\site-packages\django\core\mail\__init__.py first seen with mtime 1750913934.8317547
File C:\Users\abby\anaconda3\envs\washing\Lib\site-packages\django\utils\log.py first seen with mtime 1750913935.1430173
File C:\Users\abby\anaconda3\envs\washing\Lib\site-packages\apscheduler\util.py first seen with mtime 1750913955.007003
File C:\Users\abby\anaconda3\envs\washing\Lib\site-packages\django\contrib\auth\base_user.py first seen with mtime 1750913932.4876802
File C:\Users\abby\anaconda3\envs\washing\Lib\operator.py first seen with mtime 1749656217.0
File C:\Users\abby\anaconda3\envs\washing\Lib\site-packages\django\db\models\sql\__init__.py first seen with mtime 1750913934.9737823
File C:\Users\abby\anaconda3\envs\washing\Lib\linecache.py first seen with mtime 1749656217.0
File C:\Users\abby\anaconda3\envs\washing\Lib\urllib\__init__.py first seen with mtime 1749656217.0
File C:\Users\abby\anaconda3\envs\washing\Lib\ssl.py first seen with mtime 1749656217.0
File C:\Users\abby\anaconda3\envs\washing\Lib\site-packages\selenium\webdriver\common\bidi\common.py first seen with mtime 1750914181.2346346
File C:\Users\abby\anaconda3\envs\washing\Lib\importlib\metadata\__init__.py first seen with mtime 1749656217.0
File C:\Users\abby\anaconda3\envs\washing\Lib\site-packages\selenium\webdriver\chromium\__init__.py first seen with mtime 1750914181.215422
File C:\Users\abby\anaconda3\envs\washing\Lib\site-packages\django\db\transaction.py first seen with mtime 1750913934.8726962
File C:\Users\abby\anaconda3\envs\washing\Lib\site-packages\apscheduler\job.py first seen with mtime 1750913955.0059946
File C:\Users\abby\anaconda3\envs\washing\Lib\email\quoprimime.py first seen with mtime 1749656217.0
File C:\Users\abby\anaconda3\envs\washing\Lib\graphlib.py first seen with mtime 1749656217.0
File C:\Users\abby\anaconda3\envs\washing\Lib\logging\__init__.py first seen with mtime 1749656217.0
File C:\Users\abby\anaconda3\envs\washing\DLLs\_bz2.pyd first seen with mtime 1749747210.203622
File C:\Users\abby\anaconda3\envs\washing\Lib\site-packages\urllib3\util\__init__.py first seen with mtime 1750914179.3579416
File C:\Users\abby\anaconda3\envs\washing\Lib\site-packages\sqlparse\filters\others.py first seen with mtime 1750913930.9526465
File C:\Users\abby\anaconda3\envs\washing\Lib\site-packages\selenium\webdriver\webkitgtk\webdriver.py first seen with mtime 1750914181.588951
File C:\Users\abby\anaconda3\envs\washing\Lib\email\mime\text.py first seen with mtime 1749656217.0
File C:\Users\abby\anaconda3\envs\washing\Lib\socketserver.py first seen with mtime 1749656217.0
File C:\Users\abby\anaconda3\envs\washing\Lib\token.py first seen with mtime 1749656217.0
File C:\Users\abby\anaconda3\envs\washing\Lib\email\contentmanager.py first seen with mtime 1749656217.0
File C:\Users\abby\anaconda3\envs\washing\Lib\site-packages\django\core\exceptions.py first seen with mtime 1750913934.7829485
File C:\Users\abby\anaconda3\envs\washing\Lib\site-packages\sqlparse\sql.py first seen with mtime 1750913930.9467764
File C:\Users\abby\anaconda3\envs\washing\Lib\importlib\readers.py first seen with mtime 1749656217.0
File C:\Users\abby\anaconda3\envs\washing\Lib\xml\dom\NodeFilter.py first seen with mtime 1749656217.0
File C:\Users\abby\anaconda3\envs\washing\Lib\site-packages\colorama\win32.py first seen with mtime 1750744765.3899055
File C:\Users\abby\anaconda3\envs\washing\Lib\site-packages\django\contrib\admin\actions.py first seen with mtime 1750913931.6044488
File C:\Users\abby\anaconda3\envs\washing\Lib\site-packages\selenium\webdriver\common\bidi\session.py first seen with mtime 1750914181.2392411
File C:\Users\abby\anaconda3\envs\washing\Lib\tempfile.py first seen with mtime 1749656217.0
File C:\Users\abby\anaconda3\envs\washing\Lib\site-packages\django\core\files\storage\filesystem.py first seen with mtime 1750913934.8252256
File C:\Users\abby\anaconda3\envs\washing\Lib\site-packages\apscheduler\__init__.py first seen with mtime 1750913955.00487
File C:\Users\abby\anaconda3\envs\washing\Lib\site-packages\django\utils\lorem_ipsum.py first seen with mtime 1750913935.1440246
File C:\Users\abby\anaconda3\envs\washing\Lib\site-packages\selenium\webdriver\firefox\webdriver.py first seen with mtime 1750914181.5380504
File C:\Users\abby\anaconda3\envs\washing\Lib\site-packages\django\template\smartif.py first seen with mtime 1750913935.0841396
File C:\Users\abby\anaconda3\envs\washing\Lib\asyncio\streams.py first seen with mtime 1749656217.0
File C:\Users\abby\anaconda3\envs\washing\Lib\site-packages\django\templatetags\i18n.py first seen with mtime 1750913935.095169
File C:\Users\abby\Desktop\~獰\washing_scheduler\manage.py first seen with mtime 1751537668.2645464
File C:\Users\abby\anaconda3\envs\washing\Lib\site-packages\urllib3\util\timeout.py first seen with mtime 1750914179.366929
File C:\Users\abby\anaconda3\envs\washing\Lib\warnings.py first seen with mtime 1749656217.0
File C:\Users\abby\anaconda3\envs\washing\Lib\asyncio\base_futures.py first seen with mtime 1749656217.0
File C:\Users\abby\anaconda3\envs\washing\Lib\site-packages\django\urls\base.py first seen with mtime 1750913935.1090996
File C:\Users\abby\anaconda3\envs\washing\Lib\site-packages\django\utils\encoding.py first seen with mtime 1750913935.133674
File C:\Users\abby\anaconda3\envs\washing\Lib\site-packages\django_apscheduler\util.py first seen with mtime 1750913955.2061884
File C:\Users\abby\anaconda3\envs\washing\Lib\pathlib\_local.py first seen with mtime 1749656217.0
File C:\Users\abby\anaconda3\envs\washing\Lib\asyncio\windows_utils.py first seen with mtime 1749656217.0
File C:\Users\abby\anaconda3\envs\washing\Lib\site-packages\sqlparse\engine\filter_stack.py first seen with mtime 1750913930.949015
File C:\Users\abby\anaconda3\envs\washing\Lib\site-packages\django\http\request.py first seen with mtime 1750913935.061828
File C:\Users\abby\anaconda3\envs\washing\Lib\xml\dom\minidom.py first seen with mtime 1749656217.0
File C:\Users\abby\anaconda3\envs\washing\Lib\site-packages\urllib3\util\util.py first seen with mtime 1750914179.3679297
File C:\Users\abby\anaconda3\envs\washing\Lib\site-packages\selenium\webdriver\chromium\options.py first seen with mtime 1750914181.2169046
File C:\Users\abby\anaconda3\envs\washing\Lib\site-packages\django\core\mail\utils.py first seen with mtime 1750913934.8332756
File C:\Users\abby\anaconda3\envs\washing\Lib\asyncio\__init__.py first seen with mtime 1749656217.0
File C:\Users\abby\anaconda3\envs\washing\Lib\site-packages\django\templatetags\tz.py first seen with mtime 1750913935.097188
File C:\Users\abby\anaconda3\envs\washing\Lib\email\_parseaddr.py first seen with mtime 1749656217.0
File C:\Users\abby\anaconda3\envs\washing\Lib\site-packages\urllib3\_collections.py first seen with mtime 1750914179.3439775
File C:\Users\abby\anaconda3\envs\washing\Lib\site-packages\django\core\checks\registry.py first seen with mtime 1750913934.8041508
File C:\Users\abby\anaconda3\envs\washing\Lib\types.py first seen with mtime 1749656217.0
File C:\Users\abby\anaconda3\envs\washing\Lib\site-packages\apscheduler\triggers\base.py first seen with mtime 1750913955.032537
File C:\Users\abby\anaconda3\envs\washing\Lib\site-packages\django\contrib\admin\views\__init__.py first seen with mtime 1750913932.2574165
File C:\Users\abby\anaconda3\envs\washing\Lib\email\_encoded_words.py first seen with mtime 1749656217.0
File C:\Users\abby\anaconda3\envs\washing\Lib\http\server.py first seen with mtime 1749656217.0
File C:\Users\abby\anaconda3\envs\washing\Lib\site-packages\django\contrib\sessions\__init__.py first seen with mtime 1750913934.2789857
File C:\Users\abby\anaconda3\envs\washing\Lib\site-packages\selenium\webdriver\common\timeouts.py first seen with mtime 1750914181.487372
File C:\Users\abby\anaconda3\envs\washing\Lib\site-packages\selenium\webdriver\remote\file_detector.py first seen with mtime 1750914181.5524838
File C:\Users\abby\anaconda3\envs\washing\Lib\site-packages\typing_extensions.py first seen with mtime 1750914180.0967307
File C:\Users\abby\anaconda3\envs\washing\Lib\site-packages\urllib3\util\request.py first seen with mtime 1750914179.3617206
File C:\Users\abby\anaconda3\envs\washing\Lib\site-packages\urllib3\util\wait.py first seen with mtime 1750914179.3679297
File C:\Users\abby\anaconda3\envs\washing\Lib\site-packages\django\views\generic\detail.py first seen with mtime 1750913935.1700368
File C:\Users\abby\anaconda3\envs\washing\Lib\site-packages\django\contrib\admin\checks.py first seen with mtime 1750913931.6059358
File C:\Users\abby\anaconda3\envs\washing\Lib\site-packages\django\utils\crypto.py first seen with mtime 1750913935.127519
File C:\Users\abby\anaconda3\envs\washing\Lib\pickle.py first seen with mtime 1749656217.0
File C:\Users\abby\anaconda3\envs\washing\DLLs\_queue.pyd first seen with mtime 1749747227.6930647
File C:\Users\abby\anaconda3\envs\washing\Lib\_colorize.py first seen with mtime 1749656217.0
File C:\Users\abby\anaconda3\envs\washing\Lib\site-packages\django\utils\deprecation.py first seen with mtime 1750913935.1320434
File C:\Users\abby\anaconda3\envs\washing\Lib\asyncio\locks.py first seen with mtime 1749656217.0
File C:\Users\abby\anaconda3\envs\washing\Lib\site-packages\django\contrib\sessions\apps.py first seen with mtime 1750913934.2789857
File C:\Users\abby\anaconda3\envs\washing\Lib\calendar.py first seen with mtime 1749656217.0
File C:\Users\abby\anaconda3\envs\washing\Lib\email\header.py first seen with mtime 1749656217.0
File C:\Users\abby\anaconda3\envs\washing\Lib\collections\__init__.py first seen with mtime 1749656217.0
File C:\Users\abby\anaconda3\envs\washing\Lib\site-packages\django\contrib\staticfiles\finders.py first seen with mtime 1750913934.7654333
File C:\Users\abby\anaconda3\envs\washing\Lib\importlib\metadata\_adapters.py first seen with mtime 1749656217.0
File C:\Users\abby\anaconda3\envs\washing\Lib\site-packages\urllib3\util\url.py first seen with mtime 1750914179.3679297
File C:\Users\abby\anaconda3\envs\washing\Lib\site-packages\django\template\base.py first seen with mtime 1750913935.074025
File C:\Users\abby\anaconda3\envs\washing\Lib\asyncio\events.py first seen with mtime 1749656217.0
File C:\Users\abby\anaconda3\envs\washing\Lib\site-packages\django\db\models\fields\proxy.py first seen with mtime 1750913934.9593854
File C:\Users\abby\anaconda3\envs\washing\Lib\site-packages\django\forms\forms.py first seen with mtime 1750913934.9853287
File C:\Users\abby\anaconda3\envs\washing\Lib\site-packages\django\utils\dateparse.py first seen with mtime 1750913935.128532
File C:\Users\abby\anaconda3\envs\washing\Lib\site-packages\django\db\models\base.py first seen with mtime 1750913934.9384966
File C:\Users\abby\anaconda3\envs\washing\Lib\site-packages\selenium\webdriver\common\bidi\webextension.py first seen with mtime 1750914181.2402468
File C:\Users\abby\anaconda3\envs\washing\Lib\site-packages\django\contrib\sites\apps.py first seen with mtime 1750913934.5327206
File C:\Users\abby\anaconda3\envs\washing\Lib\site-packages\django\db\models\fields\files.py first seen with mtime 1750913934.9529161
File C:\Users\abby\anaconda3\envs\washing\Lib\site-packages\sqlparse\utils.py first seen with mtime 1750913930.9478219
File C:\Users\abby\anaconda3\envs\washing\Lib\sysconfig\__init__.py first seen with mtime 1749746131.5411654
File C:\Users\abby\Desktop\~獰\washing_scheduler\booking\views.py first seen with mtime 1750914447.381932
File C:\Users\abby\anaconda3\envs\washing\Lib\site-packages\django\contrib\auth\models.py first seen with mtime 1750913932.4949844
File C:\Users\abby\anaconda3\envs\washing\Lib\site-packages\colorama\winterm.py first seen with mtime 1750744765.3911529
File C:\Users\abby\anaconda3\envs\washing\Lib\site-packages\selenium\webdriver\ie\options.py first seen with mtime 1750914181.541086
File C:\Users\abby\anaconda3\envs\washing\Lib\site-packages\django\template\exceptions.py first seen with mtime 1750913935.0795784
File C:\Users\abby\anaconda3\envs\washing\Lib\urllib\response.py first seen with mtime 1749656217.0
File C:\Users\abby\anaconda3\envs\washing\Lib\site-packages\certifi\core.py first seen with mtime 1750744765.5791893
File C:\Users\abby\anaconda3\envs\washing\Lib\email\encoders.py first seen with mtime 1749656217.0
File C:\Users\abby\anaconda3\envs\washing\Lib\email\base64mime.py first seen with mtime 1749656217.0
File C:\Users\abby\anaconda3\envs\washing\Lib\site-packages\django\contrib\sessions\base_session.py first seen with mtime 1750913934.2804456
File C:\Users\abby\anaconda3\envs\washing\Lib\site-packages\django\utils\itercompat.py first seen with mtime 1750913935.141505
File C:\Users\abby\anaconda3\envs\washing\Lib\site-packages\django\contrib\staticfiles\utils.py first seen with mtime 1750913934.768887
File C:\Users\abby\anaconda3\envs\washing\Lib\site-packages\django\core\files\__init__.py first seen with mtime 1750913934.8136065
File C:\Users\abby\anaconda3\envs\washing\Lib\site-packages\django\db\models\constants.py first seen with mtime 1750913934.9399598
File C:\Users\abby\anaconda3\envs\washing\Lib\site-packages\selenium\webdriver\ie\webdriver.py first seen with mtime 1750914181.544619
File C:\Users\abby\anaconda3\envs\washing\Lib\site-packages\selenium\webdriver\common\actions\key_actions.py first seen with mtime 1750914181.2254758
File C:\Users\abby\anaconda3\envs\washing\Lib\uuid.py first seen with mtime 1749656217.0
File C:\Users\abby\anaconda3\envs\washing\Lib\logging\config.py first seen with mtime 1749656217.0
File C:\Users\abby\anaconda3\envs\washing\Lib\site-packages\selenium\webdriver\chrome\__init__.py first seen with mtime 1750914181.2076993
File C:\Users\abby\anaconda3\envs\washing\Lib\site-packages\django\urls\exceptions.py first seen with mtime 1750913935.1111166
File C:\Users\abby\anaconda3\envs\washing\Lib\site-packages\selenium\webdriver\remote\__init__.py first seen with mtime 1750914181.5456233
File C:\Users\abby\anaconda3\envs\washing\Lib\site-packages\django\forms\widgets.py first seen with mtime 1750913934.9913998
File C:\Users\abby\anaconda3\envs\washing\Lib\importlib\metadata\_collections.py first seen with mtime 1749656217.0
File C:\Users\abby\anaconda3\envs\washing\Lib\site-packages\websocket\_logging.py first seen with mtime 1750914179.1741273
File C:\Users\abby\Desktop\~獰\washing_scheduler\booking\tasks.py first seen with mtime 1751438828.9371502
File C:\Users\abby\anaconda3\envs\washing\Lib\site-packages\django\dispatch\__init__.py first seen with mtime 1750913934.98082
File C:\Users\abby\anaconda3\envs\washing\Lib\site-packages\sqlparse\cli.py first seen with mtime 1750913930.9428015
File C:\Users\abby\anaconda3\envs\washing\Lib\site-packages\selenium\webdriver\common\actions\__init__.py first seen with mtime 1750914181.222951
File C:\Users\abby\anaconda3\envs\washing\Lib\string.py first seen with mtime 1749656217.0
File C:\Users\abby\anaconda3\envs\washing\Lib\lzma.py first seen with mtime 1749656217.0
File C:\Users\abby\anaconda3\envs\washing\Lib\site-packages\selenium\webdriver\remote\fedcm.py first seen with mtime 1750914181.5504103
File C:\Users\abby\anaconda3\envs\washing\Lib\site-packages\django\core\files\storage\memory.py first seen with mtime 1750913934.8263783
File C:\Users\abby\anaconda3\envs\washing\Lib\site-packages\django\core\signals.py first seen with mtime 1750913934.7849689
File C:\Users\abby\anaconda3\envs\washing\Lib\site-packages\django_apscheduler\admin.py first seen with mtime 1750913955.200656
File C:\Users\abby\anaconda3\envs\washing\Lib\encodings\aliases.py first seen with mtime 1749656217.0
File C:\Users\abby\anaconda3\envs\washing\Lib\importlib\resources\_common.py first seen with mtime 1749656217.0
File C:\Users\abby\anaconda3\envs\washing\DLLs\_wmi.pyd first seen with mtime 1749747258.7360964
File C:\Users\abby\anaconda3\envs\washing\Lib\socket.py first seen with mtime 1749656217.0
File C:\Users\abby\anaconda3\envs\washing\Lib\site-packages\apscheduler\events.py first seen with mtime 1750913955.00487
File C:\Users\abby\anaconda3\envs\washing\Lib\site-packages\django\db\migrations\operations\models.py first seen with mtime 1750913934.9351704
File C:\Users\abby\anaconda3\envs\washing\Lib\site-packages\urllib3\filepost.py first seen with mtime 1750914179.3485508
File C:\Users\abby\anaconda3\envs\washing\Lib\pkgutil.py first seen with mtime 1749656217.0
File C:\Users\abby\anaconda3\envs\washing\Lib\site-packages\sqlparse\filters\__init__.py first seen with mtime 1750913930.95164
File C:\Users\abby\anaconda3\envs\washing\Lib\site-packages\selenium\webdriver\chrome\service.py first seen with mtime 1750914181.2115662
File C:\Users\abby\anaconda3\envs\washing\Lib\site-packages\django\templatetags\__init__.py first seen with mtime 1750913935.0941608
File C:\Users\abby\anaconda3\envs\washing\Lib\site-packages\django\utils\inspect.py first seen with mtime 1750913935.1404967
File C:\Users\abby\anaconda3\envs\washing\Lib\site-packages\django\core\checks\messages.py first seen with mtime 1750913934.8026304
File C:\Users\abby\anaconda3\envs\washing\Lib\site-packages\django\db\backends\base\creation.py first seen with mtime 1750913934.8800368
File C:\Users\abby\anaconda3\envs\washing\Lib\site-packages\selenium\webdriver\webkitgtk\__init__.py first seen with mtime 1750914181.5869317
File C:\Users\abby\anaconda3\envs\washing\Lib\asyncio\staggered.py first seen with mtime 1749656217.0
File C:\Users\abby\anaconda3\envs\washing\Lib\site-packages\django\core\management\commands\runserver.py first seen with mtime 1750913934.856357
File C:\Users\abby\anaconda3\envs\washing\Lib\site-packages\django\core\checks\async_checks.py first seen with mtime 1750913934.7996113
File C:\Users\abby\anaconda3\envs\washing\Lib\site-packages\django\core\files\locks.py first seen with mtime 1750913934.815606
File C:\Users\abby\anaconda3\envs\washing\Lib\asyncio\runners.py first seen with mtime 1749656217.0
File C:\Users\abby\anaconda3\envs\washing\Lib\ctypes\wintypes.py first seen with mtime 1749656217.0
File C:\Users\abby\anaconda3\envs\washing\Lib\email\errors.py first seen with mtime 1749656217.0
File C:\Users\abby\anaconda3\envs\washing\Lib\site-packages\selenium\webdriver\chrome\webdriver.py first seen with mtime 1750914181.2141283
File C:\Users\abby\anaconda3\envs\washing\Lib\site-packages\django\utils\ipv6.py first seen with mtime 1750913935.1404967
File C:\Users\abby\anaconda3\envs\washing\Lib\site-packages\django\utils\duration.py first seen with mtime 1750913935.1325507
File C:\Users\abby\anaconda3\envs\washing\Lib\site-packages\django\core\checks\caches.py first seen with mtime 1750913934.8006203
File C:\Users\abby\anaconda3\envs\washing\Lib\site-packages\django\core\files\storage\mixins.py first seen with mtime 1750913934.827384
File C:\Users\abby\anaconda3\envs\washing\Lib\site-packages\selenium\webdriver\edge\webdriver.py first seen with mtime 1750914181.5264223
File C:\Users\abby\anaconda3\envs\washing\Lib\site-packages\selenium\webdriver\safari\remote_connection.py first seen with mtime 1750914181.5771506
File C:\Users\abby\anaconda3\envs\washing\Lib\site-packages\selenium\webdriver\common\actions\interaction.py first seen with mtime 1750914181.224472
File C:\Users\abby\anaconda3\envs\washing\Lib\site-packages\selenium\webdriver\ie\service.py first seen with mtime 1750914181.5436215
File C:\Users\abby\anaconda3\envs\washing\Lib\asyncio\subprocess.py first seen with mtime 1749656217.0
File C:\Users\abby\anaconda3\envs\washing\Lib\site-packages\selenium\webdriver\remote\switch_to.py first seen with mtime 1750914181.569353
File C:\Users\abby\anaconda3\envs\washing\Lib\site-packages\apscheduler\schedulers\blocking.py first seen with mtime 1750913955.028751
File C:\Users\abby\anaconda3\envs\washing\Lib\site-packages\selenium\webdriver\__init__.py first seen with mtime 1750914181.206506
File C:\Users\abby\anaconda3\envs\washing\Lib\site-packages\django\db\backends\utils.py first seen with mtime 1750913934.8769865
File C:\Users\abby\anaconda3\envs\washing\Lib\site-packages\django\urls\conf.py first seen with mtime 1750913935.1101103
File C:\Users\abby\anaconda3\envs\washing\Lib\encodings\cp950.py first seen with mtime 1749656217.0
File C:\Users\abby\anaconda3\envs\washing\Lib\site-packages\django\template\library.py first seen with mtime 1750913935.0805876
File C:\Users\abby\anaconda3\envs\washing\Lib\json\scanner.py first seen with mtime 1749656217.0
File C:\Users\abby\anaconda3\envs\washing\Lib\site-packages\selenium\webdriver\common\__init__.py first seen with mtime 1750914181.2209501
File C:\Users\abby\anaconda3\envs\washing\Lib\hmac.py first seen with mtime 1749656217.0
File C:\Users\abby\anaconda3\envs\washing\Lib\site-packages\django\utils\timesince.py first seen with mtime 1750913935.1480918
File C:\Users\abby\anaconda3\envs\washing\Lib\importlib\resources\abc.py first seen with mtime 1749656217.0
File C:\Users\abby\anaconda3\envs\washing\Lib\site-packages\django\utils\dates.py first seen with mtime 1750913935.129675
File C:\Users\abby\anaconda3\envs\washing\Lib\asyncio\queues.py first seen with mtime 1749656217.0
File C:\Users\abby\anaconda3\envs\washing\Lib\site-packages\django\templatetags\static.py first seen with mtime 1750913935.097188
File C:\Users\abby\anaconda3\envs\washing\Lib\site-packages\django\contrib\admin\utils.py first seen with mtime 1750913931.6208458
File C:\Users\abby\anaconda3\envs\washing\Lib\heapq.py first seen with mtime 1749656217.0
File C:\Users\abby\anaconda3\envs\washing\Lib\numbers.py first seen with mtime 1749656217.0
File C:\Users\abby\anaconda3\envs\washing\Lib\encodings\__init__.py first seen with mtime 1749656217.0
File C:\Users\abby\anaconda3\envs\washing\Lib\site-packages\django\core\mail\message.py first seen with mtime 1750913934.8327606
File C:\Users\abby\anaconda3\envs\washing\Lib\__future__.py first seen with mtime 1749656217.0
File C:\Users\abby\anaconda3\envs\washing\Lib\site-packages\colorama\ansi.py first seen with mtime 1750744765.385224
File C:\Users\abby\anaconda3\envs\washing\Lib\site-packages\django\views\decorators\common.py first seen with mtime 1750913935.163479
File C:\Users\abby\anaconda3\envs\washing\Lib\concurrent\__init__.py first seen with mtime 1749656217.0
File C:\Users\abby\anaconda3\envs\washing\Lib\site-packages\django\template\backends\base.py first seen with mtime 1750913935.0861485
File C:\Users\abby\anaconda3\envs\washing\Lib\site-packages\django\db\migrations\operations\fields.py first seen with mtime 1750913934.9338422
File C:\Users\abby\anaconda3\envs\washing\Lib\site-packages\django\core\checks\files.py first seen with mtime 1750913934.801632
File C:\Users\abby\anaconda3\envs\washing\Lib\site-packages\selenium\webdriver\chromium\webdriver.py first seen with mtime 1750914181.2199442
File C:\Users\abby\anaconda3\envs\washing\Lib\dis.py first seen with mtime 1749656217.0
File C:\Users\abby\anaconda3\envs\washing\Lib\site-packages\selenium\webdriver\remote\command.py first seen with mtime 1750914181.5483148
File C:\Users\abby\anaconda3\envs\washing\Lib\site-packages\django\template\__init__.py first seen with mtime 1750913935.0717547
File C:\Users\abby\anaconda3\envs\washing\Lib\datetime.py first seen with mtime 1749656217.0
File C:\Users\abby\anaconda3\envs\washing\Lib\site-packages\django\contrib\auth\management\__init__.py first seen with mtime 1750913932.7279644
File C:\Users\abby\anaconda3\envs\washing\Lib\xml\dom\xmlbuilder.py first seen with mtime 1749656217.0
File C:\Users\abby\anaconda3\envs\washing\Lib\email\mime\multipart.py first seen with mtime 1749656217.0
File C:\Users\abby\anaconda3\envs\washing\Lib\site-packages\django\views\__init__.py first seen with mtime 1750913935.1577842
File C:\Users\abby\anaconda3\envs\washing\Lib\importlib\resources\readers.py first seen with mtime 1749656217.0
File C:\Users\abby\anaconda3\envs\washing\Lib\site-packages\django\shortcuts.py first seen with mtime 1750913931.1727996
File C:\Users\abby\anaconda3\envs\washing\Lib\site-packages\django\db\utils.py first seen with mtime 1750913934.8738575
File C:\Users\abby\anaconda3\envs\washing\Lib\site-packages\urllib3\_version.py first seen with mtime 1750914179.3451965
File C:\Users\abby\anaconda3\envs\washing\Lib\asyncio\base_events.py first seen with mtime 1749656217.0
File C:\Users\abby\anaconda3\envs\washing\Lib\site-packages\selenium\webdriver\common\actions\key_input.py first seen with mtime 1750914181.2281113
File C:\Users\abby\anaconda3\envs\washing\Lib\subprocess.py first seen with mtime 1749656217.0
File C:\Users\abby\anaconda3\envs\washing\Lib\site-packages\django\db\migrations\exceptions.py first seen with mtime 1750913934.9210057
File C:\Users\abby\anaconda3\envs\washing\Lib\site-packages\django\db\models\query_utils.py first seen with mtime 1750913934.949664
File C:\Users\abby\anaconda3\envs\washing\Lib\site-packages\django\db\backends\signals.py first seen with mtime 1750913934.875976
File C:\Users\abby\anaconda3\envs\washing\Lib\http\cookies.py first seen with mtime 1749656217.0
File C:\Users\abby\anaconda3\envs\washing\Lib\site-packages\django\template\autoreload.py first seen with mtime 1750913935.0727694
File C:\Users\abby\anaconda3\envs\washing\Lib\site-packages\django\core\files\uploadhandler.py first seen with mtime 1750913934.8185067
File C:\Users\abby\anaconda3\envs\washing\Lib\site-packages\django\db\models\functions\window.py first seen with mtime 1750913934.9694204
File C:\Users\abby\anaconda3\envs\washing\Lib\site-packages\selenium\webdriver\common\actions\pointer_input.py first seen with mtime 1750914181.2301154
File C:\Users\abby\anaconda3\envs\washing\Lib\multiprocessing\context.py first seen with mtime 1749656217.0
File C:\Users\abby\anaconda3\envs\washing\Lib\site-packages\urllib3\http2\__init__.py first seen with mtime 1750914179.3554962
File C:\Users\abby\anaconda3\envs\washing\Lib\site-packages\django\utils\tree.py first seen with mtime 1750913935.1506112
File C:\Users\abby\anaconda3\envs\washing\Lib\site-packages\websocket\_http.py first seen with mtime 1750914179.1726289
File C:\Users\abby\anaconda3\envs\washing\Lib\email\iterators.py first seen with mtime 1749656217.0
File C:\Users\abby\anaconda3\envs\washing\Lib\hashlib.py first seen with mtime 1749656217.0
File C:\Users\abby\anaconda3\envs\washing\Lib\site-packages\django\db\models\fields\related_lookups.py first seen with mtime 1750913934.9631073
File C:\Users\abby\anaconda3\envs\washing\Lib\site-packages\apscheduler\executors\base.py first seen with mtime 1750913955.0111954
File C:\Users\abby\anaconda3\envs\washing\Lib\importlib\metadata\_functools.py first seen with mtime 1749656217.0
File C:\Users\abby\anaconda3\envs\washing\Lib\site-packages\selenium\webdriver\remote\utils.py first seen with mtime 1750914181.5705185
File C:\Users\abby\anaconda3\envs\washing\Lib\site-packages\django\__init__.py first seen with mtime 1750913931.17012
File C:\Users\abby\anaconda3\envs\washing\DLLs\_zoneinfo.pyd first seen with mtime 1749747260.6043043
File C:\Users\abby\anaconda3\envs\washing\Lib\site-packages\django\contrib\messages\api.py first seen with mtime 1750913933.841617
File C:\Users\abby\anaconda3\envs\washing\Lib\site-packages\selenium\webdriver\common\keys.py first seen with mtime 1750914181.3792934
File C:\Users\abby\anaconda3\envs\washing\Lib\site-packages\django\contrib\sites\shortcuts.py first seen with mtime 1750913934.537359
File C:\Users\abby\anaconda3\envs\washing\Lib\site-packages\django\db\migrations\__init__.py first seen with mtime 1750913934.9200046
File C:\Users\abby\anaconda3\envs\washing\Lib\site-packages\websocket\__init__.py first seen with mtime 1750914179.1673105
File C:\Users\abby\anaconda3\envs\washing\Lib\site-packages\websocket\_cookiejar.py first seen with mtime 1750914179.169312
File C:\Users\abby\anaconda3\envs\washing\Lib\site-packages\selenium\webdriver\firefox\remote_connection.py first seen with mtime 1750914181.5339675
File C:\Users\abby\anaconda3\envs\washing\Lib\glob.py first seen with mtime 1749656217.0
File C:\Users\abby\anaconda3\envs\washing\Lib\site-packages\selenium\webdriver\common\utils.py first seen with mtime 1750914181.4883835
File C:\Users\abby\anaconda3\envs\washing\Lib\json\encoder.py first seen with mtime 1749656217.0
File C:\Users\abby\anaconda3\envs\washing\Lib\site-packages\django\views\generic\dates.py first seen with mtime 1750913935.169027
File C:\Users\abby\anaconda3\envs\washing\Lib\site-packages\django\db\migrations\state.py first seen with mtime 1750913934.9301088
File C:\Users\abby\anaconda3\envs\washing\Lib\site-packages\django\core\checks\translation.py first seen with mtime 1750913934.8076408
File C:\Users\abby\anaconda3\envs\washing\Lib\urllib\error.py first seen with mtime 1749656217.0
File C:\Users\abby\anaconda3\envs\washing\Lib\site-packages\selenium\webdriver\common\driver_finder.py first seen with mtime 1750914181.3766465
File C:\Users\abby\anaconda3\envs\washing\Lib\site-packages\django\core\checks\__init__.py first seen with mtime 1750913934.7996113
File C:\Users\abby\anaconda3\envs\washing\Lib\site-packages\django\forms\__init__.py first seen with mtime 1750913934.9833257
File C:\Users\abby\anaconda3\envs\washing\Lib\site-packages\selenium\webdriver\safari\service.py first seen with mtime 1750914181.5781705
File C:\Users\abby\anaconda3\envs\washing\Lib\site-packages\django\db\models\functions\text.py first seen with mtime 1750913934.968053
File C:\Users\abby\anaconda3\envs\washing\Lib\site-packages\django\forms\formsets.py first seen with mtime 1750913934.9868383
File C:\Users\abby\anaconda3\envs\washing\Lib\site-packages\selenium\webdriver\remote\webdriver.py first seen with mtime 1750914181.571529
File C:\Users\abby\anaconda3\envs\washing\Lib\wsgiref\__init__.py first seen with mtime 1749656217.0
File C:\Users\abby\anaconda3\envs\washing\Lib\site-packages\selenium\webdriver\common\bidi\browsing_context.py first seen with mtime 1750914181.2336352
File C:\Users\abby\anaconda3\envs\washing\Lib\site-packages\selenium\webdriver\common\actions\pointer_actions.py first seen with mtime 1750914181.2301154
File C:\Users\abby\anaconda3\envs\washing\Lib\asyncio\mixins.py first seen with mtime 1749656217.0
File C:\Users\abby\anaconda3\envs\washing\Lib\multiprocessing\util.py first seen with mtime 1749656217.0
File C:\Users\abby\anaconda3\envs\washing\DLLs\unicodedata.pyd first seen with mtime 1749747200.6918979
File C:\Users\abby\anaconda3\envs\washing\Lib\site-packages\django\db\models\deletion.py first seen with mtime 1750913934.941028
File C:\Users\abby\anaconda3\envs\washing\Lib\html\__init__.py first seen with mtime 1749656217.0
File C:\Users\abby\anaconda3\envs\washing\Lib\site-packages\selenium\webdriver\common\fedcm\account.py first seen with mtime 1750914181.3780732
File C:\Users\abby\anaconda3\envs\washing\Lib\functools.py first seen with mtime 1749656217.0
File C:\Users\abby\anaconda3\envs\washing\Lib\site-packages\django\contrib\auth\apps.py first seen with mtime 1750913932.4864893
File C:\Users\abby\anaconda3\envs\washing\Lib\site-packages\django\contrib\contenttypes\fields.py first seen with mtime 1750913932.7514312
File C:\Users\abby\Desktop\~獰\washing_scheduler\booking\models.py first seen with mtime 1751434878.140536
File C:\Users\abby\anaconda3\envs\washing\Lib\site-packages\certifi\__init__.py first seen with mtime 1750744765.573684
File C:\Users\abby\anaconda3\envs\washing\DLLs\_lzma.pyd first seen with mtime 1749747221.8866963
File C:\Users\abby\anaconda3\envs\washing\Lib\bisect.py first seen with mtime 1749656217.0
File C:\Users\abby\anaconda3\envs\washing\Lib\email\parser.py first seen with mtime 1749656217.0
File C:\Users\abby\anaconda3\envs\washing\Lib\site-packages\selenium\webdriver\remote\bidi_connection.py first seen with mtime 1750914181.5470693
File C:\Users\abby\anaconda3\envs\washing\Lib\site-packages\django\db\models\fields\__init__.py first seen with mtime 1750913934.9529161
File C:\Users\abby\anaconda3\envs\washing\Lib\site-packages\django\db\models\functions\math.py first seen with mtime 1750913934.9667776
File C:\Users\abby\anaconda3\envs\washing\Lib\site-packages\django\core\management\commands\__init__.py first seen with mtime 1750913934.843593
File C:\Users\abby\anaconda3\envs\washing\Lib\site-packages\django\utils\connection.py first seen with mtime 1750913935.1265082
File C:\Users\abby\anaconda3\envs\washing\Lib\site-packages\sqlparse\formatter.py first seen with mtime 1750913930.9442697
File C:\Users\abby\anaconda3\envs\washing\Lib\site-packages\django\template\backends\django.py first seen with mtime 1750913935.086658
File C:\Users\abby\anaconda3\envs\washing\DLLs\_ssl.pyd first seen with mtime 1749747233.561304
File C:\Users\abby\anaconda3\envs\washing\Lib\site-packages\django\utils\text.py first seen with mtime 1750913935.1480918
File C:\Users\abby\anaconda3\envs\washing\Lib\selectors.py first seen with mtime 1749656217.0
File C:\Users\abby\anaconda3\envs\washing\Lib\signal.py first seen with mtime 1749656217.0
File C:\Users\abby\anaconda3\envs\washing\Lib\site-packages\urllib3\http2\probe.py first seen with mtime 1750914179.3565023
File C:\Users\abby\anaconda3\envs\washing\Lib\site-packages\django\db\models\fields\related.py first seen with mtime 1750913934.9607959
File C:\Users\abby\anaconda3\envs\washing\Lib\site-packages\django\contrib\messages\utils.py first seen with mtime 1750913933.8460739
File C:\Users\abby\anaconda3\envs\washing\Lib\asyncio\sslproto.py first seen with mtime 1749656217.0
File C:\Users\abby\anaconda3\envs\washing\Lib\site-packages\django\contrib\messages\storage\__init__.py first seen with mtime 1750913933.8476338
File C:\Users\abby\anaconda3\envs\washing\Lib\site-packages\selenium\webdriver\common\bidi\browser.py first seen with mtime 1750914181.2336352
File C:\Users\abby\anaconda3\envs\washing\Lib\site-packages\selenium\webdriver\webkitgtk\options.py first seen with mtime 1750914181.5879426
File C:\Users\abby\anaconda3\envs\washing\Lib\zipfile\_path\__init__.py first seen with mtime 1749656217.0
File C:\Users\abby\anaconda3\envs\washing\Lib\site-packages\apscheduler\jobstores\__init__.py first seen with mtime 1750913955.0175076
File C:\Users\abby\anaconda3\envs\washing\Lib\site-packages\django\db\backends\base\__init__.py first seen with mtime 1750913934.8769865
File C:\Users\abby\anaconda3\envs\washing\Lib\reprlib.py first seen with mtime 1749656217.0
File C:\Users\abby\anaconda3\envs\washing\Lib\site-packages\urllib3\response.py first seen with mtime 1750914179.3499558
File C:\Users\abby\anaconda3\envs\washing\Lib\site-packages\django\middleware\__init__.py first seen with mtime 1750913935.0644236
File C:\Users\abby\anaconda3\envs\washing\Lib\site-packages\django\db\__init__.py first seen with mtime 1750913934.8726962
File C:\Users\abby\anaconda3\envs\washing\Lib\quopri.py first seen with mtime 1749656217.0
File C:\Users\abby\anaconda3\envs\washing\Lib\site-packages\django\contrib\auth\validators.py first seen with mtime 1750913932.4983785
File C:\Users\abby\anaconda3\envs\washing\Lib\site-packages\colorama\__init__.py first seen with mtime 1750744765.38422
File C:\Users\abby\anaconda3\envs\washing\Lib\site-packages\django\views\i18n.py first seen with mtime 1750913935.159925
File C:\Users\abby\anaconda3\envs\washing\Lib\site-packages\django\db\backends\base\base.py first seen with mtime 1750913934.8780217
File C:\Users\abby\anaconda3\envs\washing\Lib\site-packages\django\db\backends\base\features.py first seen with mtime 1750913934.8810468
File C:\Users\abby\anaconda3\envs\washing\Lib\site-packages\django\utils\datastructures.py first seen with mtime 1750913935.127519
File C:\Users\abby\anaconda3\envs\washing\Lib\site-packages\django\apps\registry.py first seen with mtime 1750913931.1753087
File C:\Users\abby\anaconda3\envs\washing\Lib\random.py first seen with mtime 1749656217.0
File C:\Users\abby\anaconda3\envs\washing\Lib\html\parser.py first seen with mtime 1749656217.0
File C:\Users\abby\anaconda3\envs\washing\Lib\site-packages\selenium\webdriver\remote\errorhandler.py first seen with mtime 1750914181.5504103
File C:\Users\abby\anaconda3\envs\washing\Lib\site-packages\django_apscheduler\__init__.py first seen with mtime 1750913955.1981707
File C:\Users\abby\anaconda3\envs\washing\DLLs\_overlapped.pyd first seen with mtime 1749747225.7767844
File C:\Users\abby\anaconda3\envs\washing\Lib\site-packages\django\core\checks\database.py first seen with mtime 1750913934.801632
File C:\Users\abby\anaconda3\envs\washing\Lib\site-packages\django\db\models\functions\datetime.py first seen with mtime 1750913934.9667776
File C:\Users\abby\anaconda3\envs\washing\Lib\site-packages\selenium\webdriver\support\relative_locator.py first seen with mtime 1750914181.583909
File C:\Users\abby\Desktop\~獰\washing_scheduler\booking\__init__.py first seen with mtime 1750911676.5328524
File C:\Users\abby\anaconda3\envs\washing\Lib\site-packages\django\contrib\contenttypes\forms.py first seen with mtime 1750913932.7537339
File C:\Users\abby\anaconda3\envs\washing\Lib\site-packages\django\http\multipartparser.py first seen with mtime 1750913935.061828
File C:\Users\abby\anaconda3\envs\washing\Lib\site-packages\django\db\models\sql\datastructures.py first seen with mtime 1750913934.9778206
File C:\Users\abby\anaconda3\envs\washing\Lib\logging\handlers.py first seen with mtime 1749656217.0
File C:\Users\abby\anaconda3\envs\washing\Lib\site-packages\selenium\webdriver\remote\webelement.py first seen with mtime 1750914181.572529
File C:\Users\abby\anaconda3\envs\washing\Lib\encodings\idna.py first seen with mtime 1749656217.0
File C:\Users\abby\anaconda3\envs\washing\Lib\wsgiref\util.py first seen with mtime 1749656217.0
File C:\Users\abby\anaconda3\envs\washing\Lib\enum.py first seen with mtime 1749656217.0
File C:\Users\abby\anaconda3\envs\washing\Lib\site-packages\asgiref\local.py first seen with mtime 1750913931.0709286
File C:\Users\abby\anaconda3\envs\washing\Lib\site-packages\django\utils\formats.py first seen with mtime 1750913935.1358602
File C:\Users\abby\anaconda3\envs\washing\Lib\site-packages\selenium\webdriver\remote\shadowroot.py first seen with mtime 1750914181.5683434
File C:\Users\abby\anaconda3\envs\washing\Lib\site-packages\django\http\cookie.py first seen with mtime 1750913935.0608287
File C:\Users\abby\anaconda3\envs\washing\Lib\site-packages\selenium\webdriver\common\fedcm\dialog.py first seen with mtime 1750914181.3792934
File C:\Users\abby\anaconda3\envs\washing\Lib\site-packages\django\core\validators.py first seen with mtime 1750913934.7864838
File C:\Users\abby\anaconda3\envs\washing\Lib\site-packages\django\contrib\messages\__init__.py first seen with mtime 1750913933.8406157
File C:\Users\abby\anaconda3\envs\washing\Lib\email\generator.py first seen with mtime 1749656217.0
File C:\Users\abby\anaconda3\envs\washing\Lib\site-packages\selenium\webdriver\safari\__init__.py first seen with mtime 1750914181.574102
File C:\Users\abby\anaconda3\envs\washing\Lib\asyncio\tasks.py first seen with mtime 1749656217.0
File C:\Users\abby\anaconda3\envs\washing\Lib\site-packages\django\db\backends\base\introspection.py first seen with mtime 1750913934.8810468
File C:\Users\abby\anaconda3\envs\washing\Lib\site-packages\django\template\context.py first seen with mtime 1750913935.074025
File C:\Users\abby\anaconda3\envs\washing\Lib\site-packages\django\contrib\auth\signals.py first seen with mtime 1750913932.4973712
File C:\Users\abby\anaconda3\envs\washing\Lib\site-packages\selenium\webdriver\remote\mobile.py first seen with mtime 1750914181.562688
File C:\Users\abby\anaconda3\envs\washing\Lib\queue.py first seen with mtime 1749656217.0
File C:\Users\abby\anaconda3\envs\washing\Lib\site-packages\selenium\webdriver\common\bidi\storage.py first seen with mtime 1750914181.2392411
File C:\Users\abby\anaconda3\envs\washing\Lib\asyncio\threads.py first seen with mtime 1749656217.0
File C:\Users\abby\anaconda3\envs\washing\Lib\site-packages\django\forms\fields.py first seen with mtime 1750913934.9853287
File C:\Users\abby\anaconda3\envs\washing\Lib\site-packages\selenium\webdriver\common\proxy.py first seen with mtime 1750914181.4850755
File C:\Users\abby\anaconda3\envs\washing\Lib\site-packages\django\utils\version.py first seen with mtime 1750913935.1506112
File C:\Users\abby\anaconda3\envs\washing\Lib\site-packages\sqlparse\filters\reindent.py first seen with mtime 1750913930.9546976
File C:\Users\abby\anaconda3\envs\washing\Lib\site-packages\django\utils\module_loading.py first seen with mtime 1750913935.1450312
File C:\Users\abby\anaconda3\envs\washing\Lib\site-packages\django\views\decorators\csrf.py first seen with mtime 1750913935.1649892
File C:\Users\abby\anaconda3\envs\washing\Lib\site-packages\tzlocal\windows_tz.py first seen with mtime 1750913954.9701562
File C:\Users\abby\anaconda3\envs\washing\Lib\email\message.py first seen with mtime 1749656217.0
File C:\Users\abby\anaconda3\envs\washing\Lib\gzip.py first seen with mtime 1749656217.0
File C:\Users\abby\anaconda3\envs\washing\Lib\site-packages\django\contrib\admin\helpers.py first seen with mtime 1750913931.6136053
File C:\Users\abby\anaconda3\envs\washing\Lib\site-packages\urllib3\util\retry.py first seen with mtime 1750914179.3637812
File C:\Users\abby\anaconda3\envs\washing\Lib\site-packages\urllib3\util\ssltransport.py first seen with mtime 1750914179.3659294
File C:\Users\abby\anaconda3\envs\washing\Lib\wsgiref\headers.py first seen with mtime 1749656217.0
File C:\Users\abby\anaconda3\envs\washing\Lib\site-packages\django\core\wsgi.py first seen with mtime 1750913934.7887297
File C:\Users\abby\anaconda3\envs\washing\Lib\site-packages\django\templatetags\cache.py first seen with mtime 1750913935.095169
File C:\Users\abby\anaconda3\envs\washing\Lib\site-packages\django\contrib\admin\sites.py first seen with mtime 1750913931.618443
File C:\Users\abby\anaconda3\envs\washing\Lib\site-packages\django\db\models\constraints.py first seen with mtime 1750913934.9399598
File C:\Users\abby\anaconda3\envs\washing\Lib\site-packages\django\core\servers\basehttp.py first seen with mtime 1750913934.8716965
File C:\Users\abby\anaconda3\envs\washing\Lib\site-packages\urllib3\util\ssl_match_hostname.py first seen with mtime 1750914179.3659294
File C:\Users\abby\anaconda3\envs\washing\Lib\site-packages\django\db\models\fields\mixins.py first seen with mtime 1750913934.9583752
File C:\Users\abby\anaconda3\envs\washing\Lib\site-packages\selenium\webdriver\chromium\service.py first seen with mtime 1750914181.218515
File C:\Users\abby\anaconda3\envs\washing\Lib\site-packages\django\db\models\options.py first seen with mtime 1750913934.9476361
File C:\Users\abby\anaconda3\envs\washing\Lib\site-packages\sqlparse\engine\statement_splitter.py first seen with mtime 1750913930.95037
File C:\Users\abby\anaconda3\envs\washing\Lib\site-packages\django\contrib\staticfiles\checks.py first seen with mtime 1750913934.7654333
File C:\Users\abby\anaconda3\envs\washing\DLLs\_decimal.pyd first seen with mtime 1749747216.0763805
File C:\Users\abby\anaconda3\envs\washing\Lib\keyword.py first seen with mtime 1749656217.0
File C:\Users\abby\anaconda3\envs\washing\Lib\site-packages\django\utils\decorators.py first seen with mtime 1750913935.1306784
File C:\Users\abby\anaconda3\envs\washing\DLLs\_multiprocessing.pyd first seen with mtime 1749747223.7358534
File C:\Users\abby\anaconda3\envs\washing\Lib\json\__init__.py first seen with mtime 1749656217.0
File C:\Users\abby\anaconda3\envs\washing\Lib\site-packages\django\contrib\contenttypes\__init__.py first seen with mtime 1750913932.7473543
File C:\Users\abby\anaconda3\envs\washing\Lib\encodings\utf_8.py first seen with mtime 1749656217.0
File C:\Users\abby\anaconda3\envs\washing\Lib\site-packages\django\contrib\auth\decorators.py first seen with mtime 1750913932.4910533
File C:\Users\abby\anaconda3\envs\washing\Lib\site-packages\django\contrib\contenttypes\management\__init__.py first seen with mtime 1750913932.9915137
File C:\Users\abby\anaconda3\envs\washing\Lib\urllib\request.py first seen with mtime 1749656217.0
File C:\Users\abby\anaconda3\envs\washing\Lib\site-packages\selenium\webdriver\chromium\remote_connection.py first seen with mtime 1750914181.2169046
File C:\Users\abby\anaconda3\envs\washing\Lib\json\decoder.py first seen with mtime 1749656217.0
File C:\Users\abby\anaconda3\envs\washing\Lib\site-packages\django\template\engine.py first seen with mtime 1750913935.0785446
File C:\Users\abby\anaconda3\envs\washing\Lib\site-packages\selenium\webdriver\webkitgtk\service.py first seen with mtime 1750914181.5879426
File C:\Users\abby\anaconda3\envs\washing\Lib\email\feedparser.py first seen with mtime 1749656217.0
File C:\Users\abby\anaconda3\envs\washing\Lib\decimal.py first seen with mtime 1749656217.0
File C:\Users\abby\anaconda3\envs\washing\Lib\site-packages\django_apscheduler\jobstores.py first seen with mtime 1750913955.2031732
File C:\Users\abby\anaconda3\envs\washing\Lib\site-packages\selenium\webdriver\common\actions\action_builder.py first seen with mtime 1750914181.2234576
File C:\Users\abby\anaconda3\envs\washing\Lib\asyncio\futures.py first seen with mtime 1749656217.0
File C:\Users\abby\anaconda3\envs\washing\DLLs\_hashlib.pyd first seen with mtime 1749747220.0203042
File C:\Users\abby\anaconda3\envs\washing\Lib\site-packages\django\db\backends\base\client.py first seen with mtime 1750913934.879029
File C:\Users\abby\anaconda3\envs\washing\Lib\site-packages\django\contrib\admin\exceptions.py first seen with mtime 1750913931.6081545
File C:\Users\abby\anaconda3\envs\washing\Lib\site-packages\django\views\decorators\__init__.py first seen with mtime 1750913935.1619294
File C:\Users\abby\anaconda3\envs\washing\Lib\site-packages\selenium\webdriver\firefox\service.py first seen with mtime 1750914181.5349734
File C:\Users\abby\anaconda3\envs\washing\Lib\site-packages\websocket\_socket.py first seen with mtime 1750914179.1741273
File C:\Users\abby\anaconda3\envs\washing\Lib\site-packages\django\utils\safestring.py first seen with mtime 1750913935.146041
File C:\Users\abby\anaconda3\envs\washing\Lib\mimetypes.py first seen with mtime 1749656217.0
File C:\Users\abby\anaconda3\envs\washing\Lib\site-packages\urllib3\util\ssl_.py first seen with mtime 1750914179.3649256
File C:\Users\abby\anaconda3\envs\washing\Lib\site-packages\django\db\models\sql\where.py first seen with mtime 1750913934.979819
File C:\Users\abby\anaconda3\envs\washing\Lib\pprint.py first seen with mtime 1749656217.0
File C:\Users\abby\anaconda3\envs\washing\Lib\site-packages\django\core\checks\urls.py first seen with mtime 1750913934.8076408
File C:\Users\abby\anaconda3\envs\washing\Lib\site-packages\django\urls\utils.py first seen with mtime 1750913935.1138415
File C:\Users\abby\anaconda3\envs\washing\Lib\site-packages\django\contrib\contenttypes\checks.py first seen with mtime 1750913932.7504177
File C:\Users\abby\anaconda3\envs\washing\Lib\encodings\utf_8_sig.py first seen with mtime 1749656217.0
File C:\Users\abby\anaconda3\envs\washing\Lib\importlib\__init__.py first seen with mtime 1749656217.0
File C:\Users\abby\anaconda3\envs\washing\Lib\site-packages\urllib3\poolmanager.py first seen with mtime 1750914179.3485508
File C:\Users\abby\anaconda3\envs\washing\Lib\site-packages\django\contrib\admin\filters.py first seen with mtime 1750913931.6103885
File C:\Users\abby\anaconda3\envs\washing\Lib\email\mime\nonmultipart.py first seen with mtime 1749656217.0
File C:\Users\abby\anaconda3\envs\washing\Lib\site-packages\django\contrib\contenttypes\models.py first seen with mtime 1750913932.7562385
File C:\Users\abby\anaconda3\envs\washing\Lib\site-packages\django\core\checks\compatibility\__init__.py first seen with mtime 1750913934.8086395
File C:\Users\abby\anaconda3\envs\washing\Lib\site-packages\django\utils\translation\__init__.py first seen with mtime 1750913935.1527367
File C:\Users\abby\anaconda3\envs\washing\Lib\wsgiref\simple_server.py first seen with mtime 1749656217.0
File C:\Users\abby\anaconda3\envs\washing\Lib\site-packages\selenium\webdriver\firefox\__init__.py first seen with mtime 1750914181.5303547
File C:\Users\abby\anaconda3\envs\washing\Lib\site-packages\django\templatetags\l10n.py first seen with mtime 1750913935.0961788
File C:\Users\abby\anaconda3\envs\washing\Lib\site-packages\django\contrib\admin\views\autocomplete.py first seen with mtime 1750913932.2585225
File C:\Users\abby\anaconda3\envs\washing\Lib\site-packages\django\contrib\auth\tokens.py first seen with mtime 1750913932.4973712
File C:\Users\abby\anaconda3\envs\washing\Lib\site-packages\django\db\models\query.py first seen with mtime 1750913934.9486525
File C:\Users\abby\anaconda3\envs\washing\Lib\site-packages\selenium\webdriver\wpewebkit\options.py first seen with mtime 1750914181.5899596
File C:\Users\abby\anaconda3\envs\washing\Lib\asyncio\timeouts.py first seen with mtime 1749656217.0
File C:\Users\abby\anaconda3\envs\washing\Lib\copy.py first seen with mtime 1749656217.0
File C:\Users\abby\anaconda3\envs\washing\Lib\site-packages\django\db\models\fields\generated.py first seen with mtime 1750913934.9550207
File C:\Users\abby\anaconda3\envs\washing\Lib\site-packages\django\utils\http.py first seen with mtime 1750913935.1391845
File C:\Users\abby\anaconda3\envs\washing\Lib\site-packages\selenium\webdriver\common\actions\input_device.py first seen with mtime 1750914181.2234576
File C:\Users\abby\anaconda3\envs\washing\Lib\site-packages\django\dispatch\dispatcher.py first seen with mtime 1750913934.9818199
File C:\Users\abby\anaconda3\envs\washing\Lib\_opcode_metadata.py first seen with mtime 1749656217.0
File C:\Users\abby\anaconda3\envs\washing\Lib\site-packages\django\utils\functional.py first seen with mtime 1750913935.1358602
File C:\Users\abby\anaconda3\envs\washing\Lib\site-packages\websocket\_app.py first seen with mtime 1750914179.169312
File C:\Users\abby\anaconda3\envs\washing\Lib\concurrent\futures\__init__.py first seen with mtime 1749656217.0
File C:\Users\abby\anaconda3\envs\washing\Lib\xml\dom\domreg.py first seen with mtime 1749656217.0
File C:\Users\abby\anaconda3\envs\washing\Lib\site-packages\websocket\_ssl_compat.py first seen with mtime 1750914179.1755605
File C:\Users\abby\anaconda3\envs\washing\Lib\site-packages\django\forms\models.py first seen with mtime 1750913934.987982
File C:\Users\abby\anaconda3\envs\washing\Lib\html\entities.py first seen with mtime 1749656217.0
File C:\Users\abby\anaconda3\envs\washing\Lib\site-packages\websocket\_handshake.py first seen with mtime 1750914179.1716275
File C:\Users\abby\anaconda3\envs\washing\Lib\site-packages\django\template\loader_tags.py first seen with mtime 1750913935.0825968
File C:\Users\abby\Desktop\~獰\washing_scheduler\appointment_scheduler\__init__.py first seen with mtime 1750911676.383947
Adding job tentatively -- it will be properly scheduled when the scheduler starts
Adding job tentatively -- it will be properly scheduled when the scheduler starts
Adding job tentatively -- it will be properly scheduled when the scheduler starts
Adding job tentatively -- it will be properly scheduled when the scheduler starts
